              :-) GROMACS - gmx mdrun, 2021.4-Ubuntu-2021.4-2 (-:

                            GROMACS is written by:
     Andrey Alekseenko              Emile Apol              Rossen Apostolov     
         Paul Bauer           Herman J.C. Berendsen           Par Bjelkmar       
       Christian Blau           Viacheslav Bolnykh             Kevin Boyd        
     Aldert van Buuren           Rudi van Drunen             Anton Feenstra      
    Gilles Gouaillardet             Alan Gray               Gerrit Groenhof      
       Anca Hamuraru            Vincent Hindriksen          M. Eric Irrgang      
      Aleksei Iupinov           Christoph Junghans             Joe Jordan        
    Dimitrios Karkoulis            Peter Kasson                Jiri Kraus        
      Carsten Kutzner              Per Larsson              Justin A. Lemkul     
       Viveca Lindahl            Magnus Lundborg             Erik Marklund       
        Pascal Merz             Pieter Meulenhoff            Teemu Murtola       
        Szilard Pall               Sander Pronk              Roland Schulz       
       Michael Shirts            Alexey Shvetsov             Alfons Sijbers      
       Peter Tieleman              Jon Vincent              Teemu Virolainen     
     Christian Wennberg            Maarten Wolf              Artem Zhmurov       
                           and the project leaders:
        Mark Abraham, Berk Hess, Erik Lindahl, and David van der Spoel

Copyright (c) 1991-2000, University of Groningen, The Netherlands.
Copyright (c) 2001-2019, The GROMACS development team at
Uppsala University, Stockholm University and
the Royal Institute of Technology, Sweden.
check out http://www.gromacs.org for more information.

GROMACS is free software; you can redistribute it and/or modify it
under the terms of the GNU Lesser General Public License
as published by the Free Software Foundation; either version 2.1
of the License, or (at your option) any later version.

GROMACS:      gmx mdrun, version 2021.4-Ubuntu-2021.4-2
Executable:   /usr/bin/gmx
Data prefix:  /usr
Working dir:  /mnt/e/JHU/Protein Bioinformatics/Project
Process ID:   20810
Command line:
  gmx mdrun -v -deffnm npt

GROMACS version:    2021.4-Ubuntu-2021.4-2
Precision:          mixed
Memory model:       64 bit
MPI library:        thread_mpi
OpenMP support:     enabled (GMX_OPENMP_MAX_THREADS = 64)
GPU support:        disabled
SIMD instructions:  SSE4.1
FFT library:        fftw-3.3.8-sse2-avx
RDTSCP usage:       enabled
TNG support:        enabled
Hwloc support:      hwloc-2.5.0
Tracing support:    disabled
C compiler:         /usr/bin/cc GNU 11.2.0
C compiler flags:   -msse4.1 -Wno-missing-field-initializers -fexcess-precision=fast -funroll-all-loops -O3 -DNDEBUG
C++ compiler:       /usr/bin/c++ GNU 11.2.0
C++ compiler flags: -msse4.1 -Wno-missing-field-initializers -fexcess-precision=fast -funroll-all-loops -fopenmp -O3 -DNDEBUG


Running on 1 node with total 10 cores, 20 logical cores
Hardware detected:
  CPU info:
    Vendor: Intel
    Brand:  12th Gen Intel(R) Core(TM) i7-12800H
    Family: 6   Model: 154   Stepping: 3
    Features: aes apic avx avx2 clfsh cmov cx8 cx16 f16c fma htt intel lahf mmx msr nonstop_tsc pcid pclmuldq pdpe1gb popcnt pse rdrnd rdtscp sha sse2 sse3 sse4.1 sse4.2 ssse3 tdt x2apic
  Hardware topology: Full, with devices
    Sockets, cores, and logical processors:
      Socket  0: [   0   1] [   2   3] [   4   5] [   6   7] [   8   9] [  10  11] [  12  13] [  14  15] [  16  17] [  18  19]
    Numa nodes:
      Node  0 (8162504704 bytes mem):   0   1   2   3   4   5   6   7   8   9  10  11  12  13  14  15  16  17  18  19
      Latency:
               0
         0  1.00
    Caches:
      L1: 49152 bytes, linesize 64 bytes, assoc. 12, shared 2 ways
      L2: 1310720 bytes, linesize 64 bytes, assoc. 10, shared 2 ways
      L3: 25165824 bytes, linesize 64 bytes, assoc. 12, shared 20 ways
    PCI devices:
      1a06:00:00.0  Id: 1414:008e  Class: 0x0302  Numa: 0
      8f3b:00:00.0  Id: 1414:008e  Class: 0x0302  Numa: 0
      c911:00:00.0  Id: 1af4:1043  Class: 0x0100  Numa: 0

Highest SIMD level supported by all nodes in run: AVX2_256
SIMD instructions selected at compile time:       SSE4.1
This program was compiled for different hardware than you are running on,
which could influence performance.

++++ PLEASE READ AND CITE THE FOLLOWING REFERENCE ++++
M. J. Abraham, T. Murtola, R. Schulz, S. Páll, J. C. Smith, B. Hess, E.
Lindahl
GROMACS: High performance molecular simulations through multi-level
parallelism from laptops to supercomputers
SoftwareX 1 (2015) pp. 19-25
-------- -------- --- Thank You --- -------- --------


++++ PLEASE READ AND CITE THE FOLLOWING REFERENCE ++++
S. Páll, M. J. Abraham, C. Kutzner, B. Hess, E. Lindahl
Tackling Exascale Software Challenges in Molecular Dynamics Simulations with
GROMACS
In S. Markidis & E. Laure (Eds.), Solving Software Challenges for Exascale 8759 (2015) pp. 3-27
-------- -------- --- Thank You --- -------- --------


++++ PLEASE READ AND CITE THE FOLLOWING REFERENCE ++++
S. Pronk, S. Páll, R. Schulz, P. Larsson, P. Bjelkmar, R. Apostolov, M. R.
Shirts, J. C. Smith, P. M. Kasson, D. van der Spoel, B. Hess, and E. Lindahl
GROMACS 4.5: a high-throughput and highly parallel open source molecular
simulation toolkit
Bioinformatics 29 (2013) pp. 845-54
-------- -------- --- Thank You --- -------- --------


++++ PLEASE READ AND CITE THE FOLLOWING REFERENCE ++++
B. Hess and C. Kutzner and D. van der Spoel and E. Lindahl
GROMACS 4: Algorithms for highly efficient, load-balanced, and scalable
molecular simulation
J. Chem. Theory Comput. 4 (2008) pp. 435-447
-------- -------- --- Thank You --- -------- --------


++++ PLEASE READ AND CITE THE FOLLOWING REFERENCE ++++
D. van der Spoel, E. Lindahl, B. Hess, G. Groenhof, A. E. Mark and H. J. C.
Berendsen
GROMACS: Fast, Flexible and Free
J. Comp. Chem. 26 (2005) pp. 1701-1719
-------- -------- --- Thank You --- -------- --------


++++ PLEASE READ AND CITE THE FOLLOWING REFERENCE ++++
E. Lindahl and B. Hess and D. van der Spoel
GROMACS 3.0: A package for molecular simulation and trajectory analysis
J. Mol. Mod. 7 (2001) pp. 306-317
-------- -------- --- Thank You --- -------- --------


++++ PLEASE READ AND CITE THE FOLLOWING REFERENCE ++++
H. J. C. Berendsen, D. van der Spoel and R. van Drunen
GROMACS: A message-passing parallel molecular dynamics implementation
Comp. Phys. Comm. 91 (1995) pp. 43-56
-------- -------- --- Thank You --- -------- --------

Input Parameters:
   integrator                     = md
   tinit                          = 0
   dt                             = 0.002
   nsteps                         = 50000
   init-step                      = 0
   simulation-part                = 1
   mts                            = false
   comm-mode                      = Linear
   nstcomm                        = 100
   bd-fric                        = 0
   ld-seed                        = -1611484171
   emtol                          = 10
   emstep                         = 0.01
   niter                          = 20
   fcstep                         = 0
   nstcgsteep                     = 1000
   nbfgscorr                      = 10
   rtpi                           = 0.05
   nstxout                        = 1000
   nstvout                        = 1000
   nstfout                        = 0
   nstlog                         = 1000
   nstcalcenergy                  = 100
   nstenergy                      = 1000
   nstxout-compressed             = 0
   compressed-x-precision         = 1000
   cutoff-scheme                  = Verlet
   nstlist                        = 10
   pbc                            = xyz
   periodic-molecules             = false
   verlet-buffer-tolerance        = 0.005
   rlist                          = 1
   coulombtype                    = PME
   coulomb-modifier               = Potential-shift
   rcoulomb-switch                = 0
   rcoulomb                       = 1
   epsilon-r                      = 1
   epsilon-rf                     = inf
   vdw-type                       = Cut-off
   vdw-modifier                   = Potential-shift
   rvdw-switch                    = 0
   rvdw                           = 1
   DispCorr                       = EnerPres
   table-extension                = 1
   fourierspacing                 = 0.16
   fourier-nx                     = 44
   fourier-ny                     = 44
   fourier-nz                     = 44
   pme-order                      = 4
   ewald-rtol                     = 1e-05
   ewald-rtol-lj                  = 0.001
   lj-pme-comb-rule               = Geometric
   ewald-geometry                 = 0
   epsilon-surface                = 0
   tcoupl                         = V-rescale
   nsttcouple                     = 10
   nh-chain-length                = 0
   print-nose-hoover-chain-variables = false
   pcoupl                         = Parrinello-Rahman
   pcoupltype                     = Isotropic
   nstpcouple                     = 10
   tau-p                          = 2
   compressibility (3x3):
      compressibility[    0]={ 4.50000e-05,  0.00000e+00,  0.00000e+00}
      compressibility[    1]={ 0.00000e+00,  4.50000e-05,  0.00000e+00}
      compressibility[    2]={ 0.00000e+00,  0.00000e+00,  4.50000e-05}
   ref-p (3x3):
      ref-p[    0]={ 1.00000e+00,  0.00000e+00,  0.00000e+00}
      ref-p[    1]={ 0.00000e+00,  1.00000e+00,  0.00000e+00}
      ref-p[    2]={ 0.00000e+00,  0.00000e+00,  1.00000e+00}
   refcoord-scaling               = COM
   posres-com (3):
      posres-com[0]= 5.02392e-01
      posres-com[1]= 5.00511e-01
      posres-com[2]= 5.01850e-01
   posres-comB (3):
      posres-comB[0]= 5.02392e-01
      posres-comB[1]= 5.00511e-01
      posres-comB[2]= 5.01850e-01
   QMMM                           = false
qm-opts:
   ngQM                           = 0
   constraint-algorithm           = Lincs
   continuation                   = false
   Shake-SOR                      = false
   shake-tol                      = 0.0001
   lincs-order                    = 4
   lincs-iter                     = 1
   lincs-warnangle                = 30
   nwall                          = 0
   wall-type                      = 9-3
   wall-r-linpot                  = -1
   wall-atomtype[0]               = -1
   wall-atomtype[1]               = -1
   wall-density[0]                = 0
   wall-density[1]                = 0
   wall-ewald-zfac                = 3
   pull                           = false
   awh                            = false
   rotation                       = false
   interactiveMD                  = false
   disre                          = No
   disre-weighting                = Conservative
   disre-mixed                    = false
   dr-fc                          = 1000
   dr-tau                         = 0
   nstdisreout                    = 100
   orire-fc                       = 0
   orire-tau                      = 0
   nstorireout                    = 100
   free-energy                    = no
   cos-acceleration               = 0
   deform (3x3):
      deform[    0]={ 0.00000e+00,  0.00000e+00,  0.00000e+00}
      deform[    1]={ 0.00000e+00,  0.00000e+00,  0.00000e+00}
      deform[    2]={ 0.00000e+00,  0.00000e+00,  0.00000e+00}
   simulated-tempering            = false
   swapcoords                     = no
   userint1                       = 0
   userint2                       = 0
   userint3                       = 0
   userint4                       = 0
   userreal1                      = 0
   userreal2                      = 0
   userreal3                      = 0
   userreal4                      = 0
   applied-forces:
     electric-field:
       x:
         E0                       = 0
         omega                    = 0
         t0                       = 0
         sigma                    = 0
       y:
         E0                       = 0
         omega                    = 0
         t0                       = 0
         sigma                    = 0
       z:
         E0                       = 0
         omega                    = 0
         t0                       = 0
         sigma                    = 0
     density-guided-simulation:
       active                     = false
       group                      = protein
       similarity-measure         = inner-product
       atom-spreading-weight      = unity
       force-constant             = 1e+09
       gaussian-transform-spreading-width = 0.2
       gaussian-transform-spreading-range-in-multiples-of-width = 4
       reference-density-filename = reference.mrc
       nst                        = 1
       normalize-densities        = true
       adaptive-force-scaling     = false
       adaptive-force-scaling-time-constant = 4
       shift-vector               = 
       transformation-matrix      = 
grpopts:
   nrdf:     1714.92     61023.1
   ref-t:         300         300
   tau-t:         0.1         0.1
annealing:          No          No
annealing-npoints:           0           0
   acc:	           0           0           0
   nfreeze:           N           N           N
   energygrp-flags[  0]: 0

Changing nstlist from 10 to 40, rlist from 1 to 1.096


Initializing Domain Decomposition on 20 ranks
Dynamic load balancing: auto
Minimum cell size due to atom displacement: 0.414 nm
Initial maximum distances in bonded interactions:
    two-body bonded interactions: 0.436 nm, LJ-14, atoms 255 417
  multi-body bonded interactions: 0.436 nm, Proper Dih., atoms 417 255
Minimum cell size due to bonded interactions: 0.479 nm
Maximum distance for 5 constraints, at 120 deg. angles, all-trans: 0.871 nm
Estimated maximum distance required for P-LINCS: 0.871 nm
This distance will limit the DD cell size, you can override this with -rcon
Scaling the initial minimum size with 1/0.8 (option -dds) = 1.25
Guess for relative PME load: 0.13
Will use 16 particle-particle and 4 PME only ranks
This is a guess, check the performance at the end of the log file
Using 4 separate PME ranks, as guessed by mdrun
Optimizing the DD grid for 16 cells with a minimum initial size of 1.089 nm
The maximum allowed number of cells is: X 6 Y 6 Z 6
Domain decomposition grid 4 x 4 x 1, separate PME ranks 4
PME domain decomposition: 4 x 1 x 1
Interleaving PP and PME ranks
This rank does only particle-particle work.
Domain decomposition rank 0, coordinates 0 0 0

The initial number of communication pulses is: X 1 Y 1
The initial domain decomposition cell size is: X 1.71 nm Y 1.71 nm

The maximum allowed distance for atoms involved in interactions is:
                 non-bonded interactions           1.096 nm
(the following are initial values, they could change due to box deformation)
            two-body bonded interactions  (-rdd)   1.096 nm
          multi-body bonded interactions  (-rdd)   1.096 nm
  atoms separated by up to 5 constraints  (-rcon)  1.710 nm

When dynamic load balancing gets turned on, these settings will change to:
The maximum number of communication pulses is: X 1 Y 1
The minimum size for domain decomposition cells is 1.096 nm
The requested allowed shrink of DD cells (option -dds) is: 0.80
The allowed shrink of domain decomposition cells is: X 0.64 Y 0.64
The maximum allowed distance for atoms involved in interactions is:
                 non-bonded interactions           1.096 nm
            two-body bonded interactions  (-rdd)   1.096 nm
          multi-body bonded interactions  (-rdd)   1.096 nm
  atoms separated by up to 5 constraints  (-rcon)  1.096 nm

Using 20 MPI threads
Using 1 OpenMP thread per tMPI thread

Pinning threads with an auto-selected logical core stride of 1
System total charge: 0.000
Will do PME sum in reciprocal space for electrostatic interactions.

++++ PLEASE READ AND CITE THE FOLLOWING REFERENCE ++++
U. Essmann, L. Perera, M. L. Berkowitz, T. Darden, H. Lee and L. G. Pedersen 
A smooth particle mesh Ewald method
J. Chem. Phys. 103 (1995) pp. 8577-8592
-------- -------- --- Thank You --- -------- --------

Using a Gaussian width (1/beta) of 0.320163 nm for Ewald
Potential shift: LJ r^-12: -1.000e+00 r^-6: -1.000e+00, Ewald -1.000e-05
Initialized non-bonded Ewald tables, spacing: 9.33e-04 size: 1073

Generated table with 1048 data points for 1-4 COUL.
Tabscale = 500 points/nm
Generated table with 1048 data points for 1-4 LJ6.
Tabscale = 500 points/nm
Generated table with 1048 data points for 1-4 LJ12.
Tabscale = 500 points/nm
Long Range LJ corr.: <C6> 3.0350e-04


Using SIMD 4x4 nonbonded short-range kernels

Using a dual 4x4 pair-list setup updated with dynamic pruning:
  outer list: updated every 40 steps, buffer 0.096 nm, rlist 1.096 nm
  inner list: updated every 12 steps, buffer 0.003 nm, rlist 1.003 nm
At tolerance 0.005 kJ/mol/ps per atom, equivalent classical 1x1 list would be:
  outer list: updated every 40 steps, buffer 0.211 nm, rlist 1.211 nm
  inner list: updated every 12 steps, buffer 0.048 nm, rlist 1.048 nm

Using Lorentz-Berthelot Lennard-Jones combination rule
Removing pbc first time

Initializing Parallel LINear Constraint Solver

++++ PLEASE READ AND CITE THE FOLLOWING REFERENCE ++++
B. Hess
P-LINCS: A Parallel Linear Constraint Solver for molecular simulation
J. Chem. Theory Comput. 4 (2008) pp. 116-122
-------- -------- --- Thank You --- -------- --------

The number of constraints is 874
There are constraints between atoms in different decomposition domains,
will communicate selected coordinates each lincs iteration

++++ PLEASE READ AND CITE THE FOLLOWING REFERENCE ++++
S. Miyamoto and P. A. Kollman
SETTLE: An Analytical Version of the SHAKE and RATTLE Algorithms for Rigid
Water Models
J. Comp. Chem. 13 (1992) pp. 952-962
-------- -------- --- Thank You --- -------- --------


Linking all bonded interactions to atoms


Intra-simulation communication will occur every 10 steps.

++++ PLEASE READ AND CITE THE FOLLOWING REFERENCE ++++
G. Bussi, D. Donadio and M. Parrinello
Canonical sampling through velocity rescaling
J. Chem. Phys. 126 (2007) pp. 014101
-------- -------- --- Thank You --- -------- --------

There are: 31373 Atoms
Atom distribution over 16 domains: av 1960 stddev 62 min 1920 max 2011

Constraining the starting coordinates (step 0)

Constraining the coordinates at t0-dt (step 0)
Center of mass motion removal mode is Linear
We have the following groups for center of mass motion removal:
  0:  rest
RMS relative constraint deviation after constraining: 0.00e+00
Initial temperature: 299.575 K

Started mdrun on rank 0 Mon Oct 21 13:31:01 2024

           Step           Time
              0        0.00000

   Energies (kJ/mol)
          Angle    Proper Dih.  Improper Dih.          LJ-14     Coulomb-14
    1.87654e+03    2.26771e+03    1.16874e+02    8.76331e+02    1.07883e+04
        LJ (SR)  Disper. corr.   Coulomb (SR)   Coul. recip. Position Rest.
    9.09216e+04   -3.90205e+03   -5.88803e+05    2.60952e+03    1.97917e-02
      Potential    Kinetic En.   Total Energy  Conserved En.    Temperature
   -4.83248e+05    7.81004e+04   -4.05148e+05   -4.05129e+05    2.99446e+02
 Pres. DC (bar) Pressure (bar)   Constr. rmsd
   -2.02549e+02   -3.98101e+02    2.96428e-05


DD  step 39 load imb.: force 12.1%  pme mesh/force 0.610

step 80 Turning on dynamic load balancing, because the performance loss due to load imbalance is 4.5 %.

DD  step 999  vol min/aver 0.894  load imb.: force  9.2%  pme mesh/force 0.647
           Step           Time
           1000        2.00000

   Energies (kJ/mol)
          Angle    Proper Dih.  Improper Dih.          LJ-14     Coulomb-14
    1.84026e+03    2.23693e+03    9.46647e+01    8.77920e+02    1.07744e+04
        LJ (SR)  Disper. corr.   Coulomb (SR)   Coul. recip. Position Rest.
    9.21649e+04   -3.98550e+03   -5.91632e+05    2.65577e+03    2.16490e+02
      Potential    Kinetic En.   Total Energy  Conserved En.    Temperature
   -4.84756e+05    7.87875e+04   -4.05968e+05   -4.05139e+05    3.02080e+02
 Pres. DC (bar) Pressure (bar)   Constr. rmsd
   -2.11294e+02    2.34773e+01    2.98566e-05


DD  step 1999  vol min/aver 0.896  load imb.: force 12.5%  pme mesh/force 0.514
           Step           Time
           2000        4.00000

   Energies (kJ/mol)
          Angle    Proper Dih.  Improper Dih.          LJ-14     Coulomb-14
    1.87131e+03    2.31778e+03    1.11005e+02    8.87239e+02    1.08621e+04
        LJ (SR)  Disper. corr.   Coulomb (SR)   Coul. recip. Position Rest.
    9.13669e+04   -3.98399e+03   -5.90458e+05    2.61167e+03    2.21412e+02
      Potential    Kinetic En.   Total Energy  Conserved En.    Temperature
   -4.84193e+05    7.81718e+04   -4.06021e+05   -4.05148e+05    2.99719e+02
 Pres. DC (bar) Pressure (bar)   Constr. rmsd
   -2.11135e+02   -2.40587e+02    3.26751e-05


DD  step 2999  vol min/aver 0.864  load imb.: force 15.7%  pme mesh/force 0.818
           Step           Time
           3000        6.00000

   Energies (kJ/mol)
          Angle    Proper Dih.  Improper Dih.          LJ-14     Coulomb-14
    1.92359e+03    2.27736e+03    8.68148e+01    9.01263e+02    1.09161e+04
        LJ (SR)  Disper. corr.   Coulomb (SR)   Coul. recip. Position Rest.
    9.25004e+04   -4.00849e+03   -5.91921e+05    2.58528e+03    2.34269e+02
      Potential    Kinetic En.   Total Energy  Conserved En.    Temperature
   -4.84504e+05    7.83308e+04   -4.06173e+05   -4.05159e+05    3.00329e+02
 Pres. DC (bar) Pressure (bar)   Constr. rmsd
   -2.13736e+02    1.18646e+02    3.02135e-05


step 3200 Turning off dynamic load balancing, because it is degrading performance.
Atom distribution over 16 domains: av 1960 stddev 60 min 1919 max 1994

DD  step 3999 load imb.: force 10.8%  pme mesh/force 0.574
           Step           Time
           4000        8.00000

   Energies (kJ/mol)
          Angle    Proper Dih.  Improper Dih.          LJ-14     Coulomb-14
    1.89038e+03    2.28926e+03    1.12427e+02    9.25474e+02    1.09566e+04
        LJ (SR)  Disper. corr.   Coulomb (SR)   Coul. recip. Position Rest.
    9.22341e+04   -4.00129e+03   -5.91593e+05    2.58442e+03    2.46081e+02
      Potential    Kinetic En.   Total Energy  Conserved En.    Temperature
   -4.84356e+05    7.86853e+04   -4.05670e+05   -4.05179e+05    3.01689e+02
 Pres. DC (bar) Pressure (bar)   Constr. rmsd
   -2.12970e+02    1.14369e+02    2.78553e-05


DD  step 4999 load imb.: force 13.4%  pme mesh/force 0.561
           Step           Time
           5000       10.00000

   Energies (kJ/mol)
          Angle    Proper Dih.  Improper Dih.          LJ-14     Coulomb-14
    1.82155e+03    2.30042e+03    1.19067e+02    9.20036e+02    1.09571e+04
        LJ (SR)  Disper. corr.   Coulomb (SR)   Coul. recip. Position Rest.
    9.13143e+04   -3.98773e+03   -5.89812e+05    2.57300e+03    2.45857e+02
      Potential    Kinetic En.   Total Energy  Conserved En.    Temperature
   -4.83548e+05    7.86046e+04   -4.04944e+05   -4.05210e+05    3.01379e+02
 Pres. DC (bar) Pressure (bar)   Constr. rmsd
   -2.11531e+02   -8.25056e+01    3.17960e-05


DD  step 5999 load imb.: force 18.3%  pme mesh/force 0.805
           Step           Time
           6000       12.00000

   Energies (kJ/mol)
          Angle    Proper Dih.  Improper Dih.          LJ-14     Coulomb-14
    1.83832e+03    2.29444e+03    1.05397e+02    9.32408e+02    1.09469e+04
        LJ (SR)  Disper. corr.   Coulomb (SR)   Coul. recip. Position Rest.
    9.23384e+04   -4.01027e+03   -5.92428e+05    2.56350e+03    2.39949e+02
      Potential    Kinetic En.   Total Energy  Conserved En.    Temperature
   -4.85179e+05    7.83491e+04   -4.06830e+05   -4.05213e+05    3.00400e+02
 Pres. DC (bar) Pressure (bar)   Constr. rmsd
   -2.13926e+02    1.31317e+02    2.53849e-05


DD  step 6999 load imb.: force 14.8%  pme mesh/force 0.652
           Step           Time
           7000       14.00000

   Energies (kJ/mol)
          Angle    Proper Dih.  Improper Dih.          LJ-14     Coulomb-14
    1.78629e+03    2.30850e+03    8.52609e+01    9.33686e+02    1.09641e+04
        LJ (SR)  Disper. corr.   Coulomb (SR)   Coul. recip. Position Rest.
    9.25031e+04   -4.02378e+03   -5.92280e+05    2.62735e+03    2.24269e+02
      Potential    Kinetic En.   Total Energy  Conserved En.    Temperature
   -4.84871e+05    7.90819e+04   -4.05789e+05   -4.05228e+05    3.03209e+02
 Pres. DC (bar) Pressure (bar)   Constr. rmsd
   -2.15368e+02    2.45124e+02    2.89993e-05


DD  step 7999 load imb.: force 16.9%  pme mesh/force 0.574

step 8000 Turning on dynamic load balancing, because the performance loss due to load imbalance is 6.1 %.
           Step           Time
           8000       16.00000

   Energies (kJ/mol)
          Angle    Proper Dih.  Improper Dih.          LJ-14     Coulomb-14
    1.88368e+03    2.26228e+03    1.22933e+02    9.19542e+02    1.09782e+04
        LJ (SR)  Disper. corr.   Coulomb (SR)   Coul. recip. Position Rest.
    9.17363e+04   -4.02463e+03   -5.90674e+05    2.68339e+03    2.68766e+02
      Potential    Kinetic En.   Total Energy  Conserved En.    Temperature
   -4.83843e+05    7.82960e+04   -4.05547e+05   -4.05243e+05    3.00196e+02
 Pres. DC (bar) Pressure (bar)   Constr. rmsd
   -2.15458e+02    1.09928e+02    2.79573e-05

step 8800 Turning off dynamic load balancing, because it is degrading performance.
Atom distribution over 16 domains: av 1960 stddev 60 min 1912 max 1994

DD  step 8999 load imb.: force 10.4%  pme mesh/force 0.571
           Step           Time
           9000       18.00000

   Energies (kJ/mol)
          Angle    Proper Dih.  Improper Dih.          LJ-14     Coulomb-14
    1.86764e+03    2.29782e+03    1.02699e+02    9.35311e+02    1.09142e+04
        LJ (SR)  Disper. corr.   Coulomb (SR)   Coul. recip. Position Rest.
    9.30665e+04   -4.02264e+03   -5.92855e+05    2.61030e+03    2.37844e+02
      Potential    Kinetic En.   Total Energy  Conserved En.    Temperature
   -4.84845e+05    7.83697e+04   -4.06476e+05   -4.05259e+05    3.00478e+02
 Pres. DC (bar) Pressure (bar)   Constr. rmsd
   -2.15246e+02    2.87315e+02    2.77157e-05


DD  step 9999 load imb.: force  9.2%  pme mesh/force 0.507
           Step           Time
          10000       20.00000

   Energies (kJ/mol)
          Angle    Proper Dih.  Improper Dih.          LJ-14     Coulomb-14
    1.93097e+03    2.27623e+03    8.74533e+01    9.20464e+02    1.09362e+04
        LJ (SR)  Disper. corr.   Coulomb (SR)   Coul. recip. Position Rest.
    9.06829e+04   -4.00372e+03   -5.89304e+05    2.60425e+03    2.57148e+02
      Potential    Kinetic En.   Total Energy  Conserved En.    Temperature
   -4.83612e+05    7.78016e+04   -4.05811e+05   -4.05274e+05    2.98300e+02
 Pres. DC (bar) Pressure (bar)   Constr. rmsd
   -2.13228e+02   -1.62246e+02    3.30867e-05


DD  step 10999 load imb.: force 20.6%  pme mesh/force 0.724
           Step           Time
          11000       22.00000

   Energies (kJ/mol)
          Angle    Proper Dih.  Improper Dih.          LJ-14     Coulomb-14
    1.82800e+03    2.31191e+03    1.00280e+02    8.93136e+02    1.09467e+04
        LJ (SR)  Disper. corr.   Coulomb (SR)   Coul. recip. Position Rest.
    9.16406e+04   -4.00871e+03   -5.90853e+05    2.65063e+03    2.17251e+02
      Potential    Kinetic En.   Total Energy  Conserved En.    Temperature
   -4.84273e+05    7.85455e+04   -4.05727e+05   -4.05315e+05    3.01152e+02
 Pres. DC (bar) Pressure (bar)   Constr. rmsd
   -2.13759e+02   -8.37151e+01    3.53021e-05


DD  step 11999 load imb.: force 22.2%  pme mesh/force 0.622

step 12000 Turning on dynamic load balancing, because the performance loss due to load imbalance is 6.3 %.
           Step           Time
          12000       24.00000

   Energies (kJ/mol)
          Angle    Proper Dih.  Improper Dih.          LJ-14     Coulomb-14
    1.85628e+03    2.29089e+03    1.51789e+02    9.17400e+02    1.09030e+04
        LJ (SR)  Disper. corr.   Coulomb (SR)   Coul. recip. Position Rest.
    9.11805e+04   -4.00410e+03   -5.89983e+05    2.63606e+03    2.39609e+02
      Potential    Kinetic En.   Total Energy  Conserved En.    Temperature
   -4.83812e+05    7.83862e+04   -4.05425e+05   -4.05311e+05    3.00542e+02
 Pres. DC (bar) Pressure (bar)   Constr. rmsd
   -2.13268e+02   -4.77947e+01    3.21951e-05


DD  step 12999  vol min/aver 0.913  load imb.: force  6.3%  pme mesh/force 0.674
           Step           Time
          13000       26.00000

   Energies (kJ/mol)
          Angle    Proper Dih.  Improper Dih.          LJ-14     Coulomb-14
    1.74425e+03    2.27496e+03    1.28587e+02    9.14230e+02    1.09723e+04
        LJ (SR)  Disper. corr.   Coulomb (SR)   Coul. recip. Position Rest.
    9.27137e+04   -4.00727e+03   -5.92918e+05    2.57957e+03    2.42480e+02
      Potential    Kinetic En.   Total Energy  Conserved En.    Temperature
   -4.85355e+05    7.87507e+04   -4.06604e+05   -4.05328e+05    3.01939e+02
 Pres. DC (bar) Pressure (bar)   Constr. rmsd
   -2.13606e+02    1.02555e+02    3.14364e-05


DD  step 13999  vol min/aver 0.899  load imb.: force  4.8%  pme mesh/force 0.559
           Step           Time
          14000       28.00000

   Energies (kJ/mol)
          Angle    Proper Dih.  Improper Dih.          LJ-14     Coulomb-14
    1.83385e+03    2.31595e+03    9.28509e+01    8.78996e+02    1.09801e+04
        LJ (SR)  Disper. corr.   Coulomb (SR)   Coul. recip. Position Rest.
    9.30041e+04   -4.02029e+03   -5.94360e+05    2.65442e+03    2.44267e+02
      Potential    Kinetic En.   Total Energy  Conserved En.    Temperature
   -4.86376e+05    7.81760e+04   -4.08200e+05   -4.05340e+05    2.99736e+02
 Pres. DC (bar) Pressure (bar)   Constr. rmsd
   -2.14995e+02    1.62835e+02    2.83778e-05


step 14400 Turning off dynamic load balancing, because it is degrading performance.
Atom distribution over 16 domains: av 1960 stddev 62 min 1904 max 1996

DD  step 14999 load imb.: force 18.0%  pme mesh/force 0.768
           Step           Time
          15000       30.00000

   Energies (kJ/mol)
          Angle    Proper Dih.  Improper Dih.          LJ-14     Coulomb-14
    1.81046e+03    2.32703e+03    1.22676e+02    8.87710e+02    1.09062e+04
        LJ (SR)  Disper. corr.   Coulomb (SR)   Coul. recip. Position Rest.
    9.20574e+04   -3.98792e+03   -5.90787e+05    2.58889e+03    2.20220e+02
      Potential    Kinetic En.   Total Energy  Conserved En.    Temperature
   -4.83855e+05    7.82540e+04   -4.05601e+05   -4.05356e+05    3.00035e+02
 Pres. DC (bar) Pressure (bar)   Constr. rmsd
   -2.11551e+02   -7.57056e+01    3.43927e-05


DD  step 15999 load imb.: force  7.0%  pme mesh/force 0.567

step 16000 Will no longer try dynamic load balancing, as it degraded performance.
           Step           Time
          16000       32.00000

   Energies (kJ/mol)
          Angle    Proper Dih.  Improper Dih.          LJ-14     Coulomb-14
    1.91639e+03    2.33055e+03    1.35857e+02    9.08103e+02    1.09375e+04
        LJ (SR)  Disper. corr.   Coulomb (SR)   Coul. recip. Position Rest.
    9.03774e+04   -3.99669e+03   -5.89814e+05    2.58530e+03    2.13423e+02
      Potential    Kinetic En.   Total Energy  Conserved En.    Temperature
   -4.84406e+05    7.81577e+04   -4.06248e+05   -4.05361e+05    2.99666e+02
 Pres. DC (bar) Pressure (bar)   Constr. rmsd
   -2.12481e+02   -2.82770e+02    3.10854e-05


DD  step 16999 load imb.: force 13.7%  pme mesh/force 0.581
           Step           Time
          17000       34.00000

   Energies (kJ/mol)
          Angle    Proper Dih.  Improper Dih.          LJ-14     Coulomb-14
    1.86732e+03    2.34886e+03    9.14377e+01    9.06719e+02    1.09292e+04
        LJ (SR)  Disper. corr.   Coulomb (SR)   Coul. recip. Position Rest.
    9.29236e+04   -4.01386e+03   -5.93547e+05    2.62614e+03    2.54592e+02
      Potential    Kinetic En.   Total Energy  Conserved En.    Temperature
   -4.85613e+05    7.86945e+04   -4.06919e+05   -4.05380e+05    3.01724e+02
 Pres. DC (bar) Pressure (bar)   Constr. rmsd
   -2.14309e+02    1.67879e+02    3.00734e-05


DD  step 17999 load imb.: force 13.5%  pme mesh/force 0.613
           Step           Time
          18000       36.00000

   Energies (kJ/mol)
          Angle    Proper Dih.  Improper Dih.          LJ-14     Coulomb-14
    1.83435e+03    2.29977e+03    9.61704e+01    9.15243e+02    1.09927e+04
        LJ (SR)  Disper. corr.   Coulomb (SR)   Coul. recip. Position Rest.
    9.31256e+04   -3.99766e+03   -5.93524e+05    2.68514e+03    2.85572e+02
      Potential    Kinetic En.   Total Energy  Conserved En.    Temperature
   -4.85287e+05    7.78512e+04   -4.07436e+05   -4.05395e+05    2.98491e+02
 Pres. DC (bar) Pressure (bar)   Constr. rmsd
   -2.12584e+02    1.34807e+02    2.71201e-05


DD  step 18999 load imb.: force  9.6%  pme mesh/force 0.582
           Step           Time
          19000       38.00000

   Energies (kJ/mol)
          Angle    Proper Dih.  Improper Dih.          LJ-14     Coulomb-14
    1.82978e+03    2.28575e+03    1.19892e+02    9.05871e+02    1.09179e+04
        LJ (SR)  Disper. corr.   Coulomb (SR)   Coul. recip. Position Rest.
    9.27823e+04   -4.00769e+03   -5.92903e+05    2.70533e+03    2.52084e+02
      Potential    Kinetic En.   Total Energy  Conserved En.    Temperature
   -4.85112e+05    7.81125e+04   -4.07000e+05   -4.05426e+05    2.99492e+02
 Pres. DC (bar) Pressure (bar)   Constr. rmsd
   -2.13651e+02    8.47976e+01    3.05760e-05


DD  step 19999 load imb.: force 13.4%  pme mesh/force 0.732
           Step           Time
          20000       40.00000

   Energies (kJ/mol)
          Angle    Proper Dih.  Improper Dih.          LJ-14     Coulomb-14
    1.92734e+03    2.33882e+03    9.63076e+01    8.91522e+02    1.07792e+04
        LJ (SR)  Disper. corr.   Coulomb (SR)   Coul. recip. Position Rest.
    9.12073e+04   -4.00686e+03   -5.90272e+05    2.70672e+03    2.63304e+02
      Potential    Kinetic En.   Total Energy  Conserved En.    Temperature
   -4.84068e+05    7.87967e+04   -4.05272e+05   -4.05451e+05    3.02115e+02
 Pres. DC (bar) Pressure (bar)   Constr. rmsd
   -2.13563e+02   -6.91769e+01    3.34230e-05


DD  step 20999 load imb.: force 15.5%  pme mesh/force 1.072
           Step           Time
          21000       42.00000

   Energies (kJ/mol)
          Angle    Proper Dih.  Improper Dih.          LJ-14     Coulomb-14
    1.78945e+03    2.27291e+03    1.03123e+02    9.23015e+02    1.08886e+04
        LJ (SR)  Disper. corr.   Coulomb (SR)   Coul. recip. Position Rest.
    9.12809e+04   -3.99946e+03   -5.90448e+05    2.73008e+03    2.44114e+02
      Potential    Kinetic En.   Total Energy  Conserved En.    Temperature
   -4.84216e+05    7.89675e+04   -4.05248e+05   -4.05461e+05    3.02770e+02
 Pres. DC (bar) Pressure (bar)   Constr. rmsd
   -2.12775e+02   -1.09386e+01    2.70784e-05


DD  step 21999 load imb.: force 14.0%  pme mesh/force 1.063
           Step           Time
          22000       44.00000

   Energies (kJ/mol)
          Angle    Proper Dih.  Improper Dih.          LJ-14     Coulomb-14
    1.94464e+03    2.28028e+03    8.94636e+01    8.98143e+02    1.08641e+04
        LJ (SR)  Disper. corr.   Coulomb (SR)   Coul. recip. Position Rest.
    9.21692e+04   -4.02526e+03   -5.91598e+05    2.62451e+03    2.37057e+02
      Potential    Kinetic En.   Total Energy  Conserved En.    Temperature
   -4.84515e+05    7.72209e+04   -4.07295e+05   -4.05449e+05    2.96074e+02
 Pres. DC (bar) Pressure (bar)   Constr. rmsd
   -2.15527e+02    1.37662e+02    3.13386e-05


DD  step 22999 load imb.: force 11.4%  pme mesh/force 0.593
           Step           Time
          23000       46.00000

   Energies (kJ/mol)
          Angle    Proper Dih.  Improper Dih.          LJ-14     Coulomb-14
    1.74403e+03    2.27745e+03    9.16738e+01    9.27472e+02    1.10057e+04
        LJ (SR)  Disper. corr.   Coulomb (SR)   Coul. recip. Position Rest.
    9.26325e+04   -4.00260e+03   -5.92830e+05    2.65856e+03    2.33605e+02
      Potential    Kinetic En.   Total Energy  Conserved En.    Temperature
   -4.85261e+05    7.81886e+04   -4.07073e+05   -4.05483e+05    2.99784e+02
 Pres. DC (bar) Pressure (bar)   Constr. rmsd
   -2.13110e+02    1.17148e+02    2.79980e-05


DD  step 23999 load imb.: force  8.4%  pme mesh/force 0.694
           Step           Time
          24000       48.00000

   Energies (kJ/mol)
          Angle    Proper Dih.  Improper Dih.          LJ-14     Coulomb-14
    1.83048e+03    2.35607e+03    9.01034e+01    8.94704e+02    1.09541e+04
        LJ (SR)  Disper. corr.   Coulomb (SR)   Coul. recip. Position Rest.
    9.06134e+04   -3.98922e+03   -5.89466e+05    2.66781e+03    2.25326e+02
      Potential    Kinetic En.   Total Energy  Conserved En.    Temperature
   -4.83823e+05    7.90878e+04   -4.04735e+05   -4.05508e+05    3.03232e+02
 Pres. DC (bar) Pressure (bar)   Constr. rmsd
   -2.11689e+02   -1.52939e+02    3.24531e-05


DD  step 24999 load imb.: force 11.0%  pme mesh/force 0.658
           Step           Time
          25000       50.00000

   Energies (kJ/mol)
          Angle    Proper Dih.  Improper Dih.          LJ-14     Coulomb-14
    1.79956e+03    2.34435e+03    8.14011e+01    9.28967e+02    1.09266e+04
        LJ (SR)  Disper. corr.   Coulomb (SR)   Coul. recip. Position Rest.
    9.21526e+04   -4.00594e+03   -5.91911e+05    2.63926e+03    2.57238e+02
      Potential    Kinetic En.   Total Energy  Conserved En.    Temperature
   -4.84787e+05    7.84562e+04   -4.06331e+05   -4.05521e+05    3.00810e+02
 Pres. DC (bar) Pressure (bar)   Constr. rmsd
   -2.13465e+02    8.82578e+01    2.76836e-05


DD  step 25999 load imb.: force  9.9%  pme mesh/force 0.740
           Step           Time
          26000       52.00000

   Energies (kJ/mol)
          Angle    Proper Dih.  Improper Dih.          LJ-14     Coulomb-14
    1.82450e+03    2.26736e+03    1.26999e+02    8.82415e+02    1.09587e+04
        LJ (SR)  Disper. corr.   Coulomb (SR)   Coul. recip. Position Rest.
    9.21080e+04   -3.99554e+03   -5.91862e+05    2.62700e+03    2.42261e+02
      Potential    Kinetic En.   Total Energy  Conserved En.    Temperature
   -4.84821e+05    7.79043e+04   -4.06916e+05   -4.05544e+05    2.98694e+02
 Pres. DC (bar) Pressure (bar)   Constr. rmsd
   -2.12359e+02   -1.64180e+01    2.88152e-05


DD  step 26999 load imb.: force 10.3%  pme mesh/force 0.561
           Step           Time
          27000       54.00000

   Energies (kJ/mol)
          Angle    Proper Dih.  Improper Dih.          LJ-14     Coulomb-14
    1.82140e+03    2.29744e+03    1.03409e+02    8.74106e+02    1.08325e+04
        LJ (SR)  Disper. corr.   Coulomb (SR)   Coul. recip. Position Rest.
    9.18141e+04   -4.00975e+03   -5.91572e+05    2.60591e+03    2.56039e+02
      Potential    Kinetic En.   Total Energy  Conserved En.    Temperature
   -4.84976e+05    7.78052e+04   -4.07171e+05   -4.05552e+05    2.98314e+02
 Pres. DC (bar) Pressure (bar)   Constr. rmsd
   -2.13871e+02   -1.10717e+02    3.26602e-05


DD  step 27999 load imb.: force 13.4%  pme mesh/force 0.645
           Step           Time
          28000       56.00000

   Energies (kJ/mol)
          Angle    Proper Dih.  Improper Dih.          LJ-14     Coulomb-14
    1.84192e+03    2.28347e+03    1.20975e+02    9.15235e+02    1.09412e+04
        LJ (SR)  Disper. corr.   Coulomb (SR)   Coul. recip. Position Rest.
    9.12699e+04   -3.99328e+03   -5.89728e+05    2.62082e+03    2.23264e+02
      Potential    Kinetic En.   Total Energy  Conserved En.    Temperature
   -4.83505e+05    7.82158e+04   -4.05289e+05   -4.05566e+05    2.99888e+02
 Pres. DC (bar) Pressure (bar)   Constr. rmsd
   -2.12119e+02   -3.14699e+01    2.94667e-05


DD  step 28999 load imb.: force 13.7%  pme mesh/force 0.632
           Step           Time
          29000       58.00000

   Energies (kJ/mol)
          Angle    Proper Dih.  Improper Dih.          LJ-14     Coulomb-14
    1.83337e+03    2.29259e+03    1.05353e+02    9.14667e+02    1.08727e+04
        LJ (SR)  Disper. corr.   Coulomb (SR)   Coul. recip. Position Rest.
    9.26307e+04   -4.00676e+03   -5.91828e+05    2.62528e+03    2.38027e+02
      Potential    Kinetic En.   Total Energy  Conserved En.    Temperature
   -4.84322e+05    7.78298e+04   -4.06493e+05   -4.05575e+05    2.98409e+02
 Pres. DC (bar) Pressure (bar)   Constr. rmsd
   -2.13552e+02    2.35218e+02    2.68511e-05


DD  step 29999 load imb.: force 11.7%  pme mesh/force 0.589
           Step           Time
          30000       60.00000

   Energies (kJ/mol)
          Angle    Proper Dih.  Improper Dih.          LJ-14     Coulomb-14
    1.85717e+03    2.32366e+03    1.06768e+02    9.02674e+02    1.09257e+04
        LJ (SR)  Disper. corr.   Coulomb (SR)   Coul. recip. Position Rest.
    9.22230e+04   -3.99638e+03   -5.91559e+05    2.61122e+03    2.49801e+02
      Potential    Kinetic En.   Total Energy  Conserved En.    Temperature
   -4.84355e+05    7.77579e+04   -4.06597e+05   -4.05587e+05    2.98133e+02
 Pres. DC (bar) Pressure (bar)   Constr. rmsd
   -2.12448e+02    1.11350e+02    2.68341e-05


DD  step 30999 load imb.: force 12.1%  pme mesh/force 0.540
           Step           Time
          31000       62.00000

   Energies (kJ/mol)
          Angle    Proper Dih.  Improper Dih.          LJ-14     Coulomb-14
    1.87951e+03    2.27207e+03    7.17306e+01    9.04408e+02    1.09214e+04
        LJ (SR)  Disper. corr.   Coulomb (SR)   Coul. recip. Position Rest.
    9.18080e+04   -4.01219e+03   -5.91268e+05    2.71349e+03    2.39870e+02
      Potential    Kinetic En.   Total Energy  Conserved En.    Temperature
   -4.84470e+05    7.76592e+04   -4.06810e+05   -4.05615e+05    2.97755e+02
 Pres. DC (bar) Pressure (bar)   Constr. rmsd
   -2.14131e+02    8.32137e+01    2.65495e-05


DD  step 31999 load imb.: force  9.7%  pme mesh/force 0.608
           Step           Time
          32000       64.00000

   Energies (kJ/mol)
          Angle    Proper Dih.  Improper Dih.          LJ-14     Coulomb-14
    1.88308e+03    2.29980e+03    1.04299e+02    8.97873e+02    1.09315e+04
        LJ (SR)  Disper. corr.   Coulomb (SR)   Coul. recip. Position Rest.
    9.09125e+04   -4.01132e+03   -5.91383e+05    2.53760e+03    2.77368e+02
      Potential    Kinetic En.   Total Energy  Conserved En.    Temperature
   -4.85550e+05    7.88204e+04   -4.06729e+05   -4.05636e+05    3.02207e+02
 Pres. DC (bar) Pressure (bar)   Constr. rmsd
   -2.14037e+02   -2.44485e+02    2.85006e-05


DD  step 32999 load imb.: force  7.8%  pme mesh/force 0.562
           Step           Time
          33000       66.00000

   Energies (kJ/mol)
          Angle    Proper Dih.  Improper Dih.          LJ-14     Coulomb-14
    1.88781e+03    2.29942e+03    9.42486e+01    8.84182e+02    1.08067e+04
        LJ (SR)  Disper. corr.   Coulomb (SR)   Coul. recip. Position Rest.
    9.30254e+04   -4.00309e+03   -5.93093e+05    2.64087e+03    2.24632e+02
      Potential    Kinetic En.   Total Energy  Conserved En.    Temperature
   -4.85232e+05    7.83788e+04   -4.06854e+05   -4.05650e+05    3.00513e+02
 Pres. DC (bar) Pressure (bar)   Constr. rmsd
   -2.13162e+02    1.21890e+02    3.13564e-05


DD  step 33999 load imb.: force 12.3%  pme mesh/force 0.621
           Step           Time
          34000       68.00000

   Energies (kJ/mol)
          Angle    Proper Dih.  Improper Dih.          LJ-14     Coulomb-14
    1.88925e+03    2.28665e+03    1.02996e+02    9.01076e+02    1.09122e+04
        LJ (SR)  Disper. corr.   Coulomb (SR)   Coul. recip. Position Rest.
    9.24636e+04   -4.01641e+03   -5.91949e+05    2.70617e+03    2.43203e+02
      Potential    Kinetic En.   Total Energy  Conserved En.    Temperature
   -4.84461e+05    7.86200e+04   -4.05841e+05   -4.05680e+05    3.01438e+02
 Pres. DC (bar) Pressure (bar)   Constr. rmsd
   -2.14581e+02    1.45708e+02    3.25606e-05


DD  step 34999 load imb.: force 11.8%  pme mesh/force 0.681
           Step           Time
          35000       70.00000

   Energies (kJ/mol)
          Angle    Proper Dih.  Improper Dih.          LJ-14     Coulomb-14
    1.77095e+03    2.27569e+03    1.12004e+02    9.00168e+02    1.09054e+04
        LJ (SR)  Disper. corr.   Coulomb (SR)   Coul. recip. Position Rest.
    9.23905e+04   -4.00241e+03   -5.93111e+05    2.61560e+03    2.22913e+02
      Potential    Kinetic En.   Total Energy  Conserved En.    Temperature
   -4.85920e+05    7.85542e+04   -4.07366e+05   -4.05685e+05    3.01186e+02
 Pres. DC (bar) Pressure (bar)   Constr. rmsd
   -2.13090e+02    1.52589e+01    2.89483e-05


DD  step 35999 load imb.: force  7.9%  pme mesh/force 0.648
           Step           Time
          36000       72.00000

   Energies (kJ/mol)
          Angle    Proper Dih.  Improper Dih.          LJ-14     Coulomb-14
    1.80206e+03    2.30250e+03    1.06050e+02    9.07461e+02    1.08264e+04
        LJ (SR)  Disper. corr.   Coulomb (SR)   Coul. recip. Position Rest.
    9.09138e+04   -3.99732e+03   -5.90318e+05    2.64947e+03    2.78472e+02
      Potential    Kinetic En.   Total Energy  Conserved En.    Temperature
   -4.84530e+05    7.78153e+04   -4.06714e+05   -4.05690e+05    2.98353e+02
 Pres. DC (bar) Pressure (bar)   Constr. rmsd
   -2.12548e+02   -1.91130e+02    2.98448e-05


DD  step 36999 load imb.: force  9.3%  pme mesh/force 0.691
           Step           Time
          37000       74.00000

   Energies (kJ/mol)
          Angle    Proper Dih.  Improper Dih.          LJ-14     Coulomb-14
    1.89636e+03    2.27690e+03    9.89057e+01    8.96349e+02    1.09447e+04
        LJ (SR)  Disper. corr.   Coulomb (SR)   Coul. recip. Position Rest.
    9.28806e+04   -3.99995e+03   -5.92476e+05    2.60974e+03    2.51440e+02
      Potential    Kinetic En.   Total Energy  Conserved En.    Temperature
   -4.84621e+05    7.75355e+04   -4.07086e+05   -4.05709e+05    2.97280e+02
 Pres. DC (bar) Pressure (bar)   Constr. rmsd
   -2.12827e+02    8.00553e+01    3.04491e-05


DD  step 37999 load imb.: force  6.9%  pme mesh/force 0.583
           Step           Time
          38000       76.00000

   Energies (kJ/mol)
          Angle    Proper Dih.  Improper Dih.          LJ-14     Coulomb-14
    2.00657e+03    2.32241e+03    8.82617e+01    8.69059e+02    1.08768e+04
        LJ (SR)  Disper. corr.   Coulomb (SR)   Coul. recip. Position Rest.
    9.24410e+04   -4.00163e+03   -5.91735e+05    2.59027e+03    2.69376e+02
      Potential    Kinetic En.   Total Energy  Conserved En.    Temperature
   -4.84272e+05    7.83897e+04   -4.05883e+05   -4.05725e+05    3.00555e+02
 Pres. DC (bar) Pressure (bar)   Constr. rmsd
   -2.13006e+02   -1.86928e+01    3.51560e-05


DD  step 38999 load imb.: force 13.0%  pme mesh/force 0.577
           Step           Time
          39000       78.00000

   Energies (kJ/mol)
          Angle    Proper Dih.  Improper Dih.          LJ-14     Coulomb-14
    1.90830e+03    2.30569e+03    1.08053e+02    8.93088e+02    1.08555e+04
        LJ (SR)  Disper. corr.   Coulomb (SR)   Coul. recip. Position Rest.
    9.27526e+04   -3.99758e+03   -5.91921e+05    2.61301e+03    2.85286e+02
      Potential    Kinetic En.   Total Energy  Conserved En.    Temperature
   -4.84197e+05    7.75182e+04   -4.06679e+05   -4.05736e+05    2.97214e+02
 Pres. DC (bar) Pressure (bar)   Constr. rmsd
   -2.12576e+02    1.52308e+02    2.86731e-05


DD  step 39999 load imb.: force  9.6%  pme mesh/force 0.661
           Step           Time
          40000       80.00000

   Energies (kJ/mol)
          Angle    Proper Dih.  Improper Dih.          LJ-14     Coulomb-14
    1.77070e+03    2.27041e+03    1.01143e+02    9.11275e+02    1.09788e+04
        LJ (SR)  Disper. corr.   Coulomb (SR)   Coul. recip. Position Rest.
    9.06952e+04   -3.98245e+03   -5.90368e+05    2.60172e+03    2.51175e+02
      Potential    Kinetic En.   Total Energy  Conserved En.    Temperature
   -4.84770e+05    7.86176e+04   -4.06152e+05   -4.05773e+05    3.01429e+02
 Pres. DC (bar) Pressure (bar)   Constr. rmsd
   -2.10971e+02   -2.84122e+02    2.95747e-05


DD  step 40999 load imb.: force 12.4%  pme mesh/force 0.530
           Step           Time
          41000       82.00000

   Energies (kJ/mol)
          Angle    Proper Dih.  Improper Dih.          LJ-14     Coulomb-14
    1.90504e+03    2.22160e+03    1.04336e+02    8.76365e+02    1.09335e+04
        LJ (SR)  Disper. corr.   Coulomb (SR)   Coul. recip. Position Rest.
    9.17995e+04   -4.01925e+03   -5.92317e+05    2.63346e+03    2.12517e+02
      Potential    Kinetic En.   Total Energy  Conserved En.    Temperature
   -4.85650e+05    7.86093e+04   -4.07040e+05   -4.05798e+05    3.01397e+02
 Pres. DC (bar) Pressure (bar)   Constr. rmsd
   -2.14883e+02   -3.18168e+01    3.00835e-05


DD  step 41999 load imb.: force  7.5%  pme mesh/force 0.621
           Step           Time
          42000       84.00000

   Energies (kJ/mol)
          Angle    Proper Dih.  Improper Dih.          LJ-14     Coulomb-14
    1.72979e+03    2.29978e+03    9.41040e+01    9.14518e+02    1.09669e+04
        LJ (SR)  Disper. corr.   Coulomb (SR)   Coul. recip. Position Rest.
    9.26693e+04   -3.99191e+03   -5.92226e+05    2.66633e+03    2.80521e+02
      Potential    Kinetic En.   Total Energy  Conserved En.    Temperature
   -4.84597e+05    7.72082e+04   -4.07388e+05   -4.05804e+05    2.96025e+02
 Pres. DC (bar) Pressure (bar)   Constr. rmsd
   -2.11974e+02    1.12145e+02    3.11901e-05


DD  step 42999 load imb.: force  9.2%  pme mesh/force 0.547
           Step           Time
          43000       86.00000

   Energies (kJ/mol)
          Angle    Proper Dih.  Improper Dih.          LJ-14     Coulomb-14
    1.78387e+03    2.31504e+03    1.04918e+02    9.08179e+02    1.09757e+04
        LJ (SR)  Disper. corr.   Coulomb (SR)   Coul. recip. Position Rest.
    9.17337e+04   -4.01159e+03   -5.92208e+05    2.62030e+03    2.51807e+02
      Potential    Kinetic En.   Total Energy  Conserved En.    Temperature
   -4.85527e+05    7.80176e+04   -4.07509e+05   -4.05814e+05    2.99128e+02
 Pres. DC (bar) Pressure (bar)   Constr. rmsd
   -2.14067e+02   -3.39092e+01    2.70711e-05


DD  step 43999 load imb.: force  9.9%  pme mesh/force 0.543
           Step           Time
          44000       88.00000

   Energies (kJ/mol)
          Angle    Proper Dih.  Improper Dih.          LJ-14     Coulomb-14
    1.84948e+03    2.29529e+03    1.16651e+02    9.04208e+02    1.08141e+04
        LJ (SR)  Disper. corr.   Coulomb (SR)   Coul. recip. Position Rest.
    9.10564e+04   -3.98974e+03   -5.90308e+05    2.61006e+03    2.69459e+02
      Potential    Kinetic En.   Total Energy  Conserved En.    Temperature
   -4.84382e+05    7.73513e+04   -4.07030e+05   -4.05832e+05    2.96574e+02
 Pres. DC (bar) Pressure (bar)   Constr. rmsd
   -2.11744e+02   -2.42627e+02    3.17590e-05


DD  step 44999 load imb.: force  6.8%  pme mesh/force 0.605
           Step           Time
          45000       90.00000

   Energies (kJ/mol)
          Angle    Proper Dih.  Improper Dih.          LJ-14     Coulomb-14
    1.85788e+03    2.24748e+03    8.71577e+01    9.29028e+02    1.09142e+04
        LJ (SR)  Disper. corr.   Coulomb (SR)   Coul. recip. Position Rest.
    9.28085e+04   -4.00966e+03   -5.93370e+05    2.59026e+03    2.42768e+02
      Potential    Kinetic En.   Total Energy  Conserved En.    Temperature
   -4.85703e+05    7.79528e+04   -4.07750e+05   -4.05843e+05    2.98880e+02
 Pres. DC (bar) Pressure (bar)   Constr. rmsd
   -2.13861e+02    6.77637e+01    2.78216e-05


DD  step 45999 load imb.: force 11.3%  pme mesh/force 0.532
           Step           Time
          46000       92.00000

   Energies (kJ/mol)
          Angle    Proper Dih.  Improper Dih.          LJ-14     Coulomb-14
    1.79408e+03    2.22695e+03    1.06328e+02    8.90403e+02    1.09068e+04
        LJ (SR)  Disper. corr.   Coulomb (SR)   Coul. recip. Position Rest.
    9.24654e+04   -3.99504e+03   -5.91770e+05    2.62636e+03    2.75964e+02
      Potential    Kinetic En.   Total Energy  Conserved En.    Temperature
   -4.84472e+05    7.80724e+04   -4.06400e+05   -4.05874e+05    2.99339e+02
 Pres. DC (bar) Pressure (bar)   Constr. rmsd
   -2.12306e+02    2.53846e+01    3.30811e-05


DD  step 46999 load imb.: force 13.5%  pme mesh/force 0.555
           Step           Time
          47000       94.00000

   Energies (kJ/mol)
          Angle    Proper Dih.  Improper Dih.          LJ-14     Coulomb-14
    1.80354e+03    2.26204e+03    1.26246e+02    9.37263e+02    1.08477e+04
        LJ (SR)  Disper. corr.   Coulomb (SR)   Coul. recip. Position Rest.
    9.18075e+04   -3.99319e+03   -5.91946e+05    2.68407e+03    2.51657e+02
      Potential    Kinetic En.   Total Energy  Conserved En.    Temperature
   -4.85219e+05    7.85260e+04   -4.06693e+05   -4.05885e+05    3.01078e+02
 Pres. DC (bar) Pressure (bar)   Constr. rmsd
   -2.12109e+02    2.20824e+01    2.78831e-05


DD  step 47999 load imb.: force 11.4%  pme mesh/force 0.553
           Step           Time
          48000       96.00000

   Energies (kJ/mol)
          Angle    Proper Dih.  Improper Dih.          LJ-14     Coulomb-14
    2.00992e+03    2.26351e+03    9.42746e+01    9.25382e+02    1.09215e+04
        LJ (SR)  Disper. corr.   Coulomb (SR)   Coul. recip. Position Rest.
    9.24092e+04   -4.00054e+03   -5.91277e+05    2.65254e+03    2.67371e+02
      Potential    Kinetic En.   Total Energy  Conserved En.    Temperature
   -4.83734e+05    7.85461e+04   -4.05188e+05   -4.05892e+05    3.01155e+02
 Pres. DC (bar) Pressure (bar)   Constr. rmsd
   -2.12890e+02    2.08758e+02    3.07348e-05


DD  step 48999 load imb.: force  9.6%  pme mesh/force 0.519
           Step           Time
          49000       98.00000

   Energies (kJ/mol)
          Angle    Proper Dih.  Improper Dih.          LJ-14     Coulomb-14
    1.94447e+03    2.38163e+03    1.05485e+02    8.97569e+02    1.08046e+04
        LJ (SR)  Disper. corr.   Coulomb (SR)   Coul. recip. Position Rest.
    9.11224e+04   -3.99421e+03   -5.90592e+05    2.61672e+03    2.54779e+02
      Potential    Kinetic En.   Total Energy  Conserved En.    Temperature
   -4.84458e+05    7.91754e+04   -4.05283e+05   -4.05931e+05    3.03568e+02
 Pres. DC (bar) Pressure (bar)   Constr. rmsd
   -2.12217e+02   -1.84781e+02    3.28809e-05


DD  step 49999 load imb.: force 10.1%  pme mesh/force 0.522
           Step           Time
          50000      100.00000

Writing checkpoint, step 50000 at Mon Oct 21 13:39:56 2024


   Energies (kJ/mol)
          Angle    Proper Dih.  Improper Dih.          LJ-14     Coulomb-14
    1.76003e+03    2.31147e+03    1.33920e+02    9.20058e+02    1.09977e+04
        LJ (SR)  Disper. corr.   Coulomb (SR)   Coul. recip. Position Rest.
    9.10114e+04   -4.01501e+03   -5.90038e+05    2.68058e+03    2.37750e+02
      Potential    Kinetic En.   Total Energy  Conserved En.    Temperature
   -4.84000e+05    7.84169e+04   -4.05583e+05   -4.05932e+05    3.00659e+02
 Pres. DC (bar) Pressure (bar)   Constr. rmsd
   -2.14431e+02   -3.72210e+01    2.62502e-05


Energy conservation over simulation part #1 of length 100 ns, time 0 to 100 ns
  Conserved energy drift: -2.56e-04 kJ/mol/ps per atom


	<======  ###############  ==>
	<====  A V E R A G E S  ====>
	<==  ###############  ======>

	Statistics over 50001 steps using 501 frames

   Energies (kJ/mol)
          Angle    Proper Dih.  Improper Dih.          LJ-14     Coulomb-14
    1.85942e+03    2.29081e+03    1.06849e+02    9.04690e+02    1.09018e+04
        LJ (SR)  Disper. corr.   Coulomb (SR)   Coul. recip. Position Rest.
    9.18281e+04   -4.00189e+03   -5.91280e+05    2.63288e+03    2.46111e+02
      Potential    Kinetic En.   Total Energy  Conserved En.    Temperature
   -4.84511e+05    7.82916e+04   -4.06219e+05   -4.05521e+05    3.00179e+02
 Pres. DC (bar) Pressure (bar)   Constr. rmsd
   -2.13035e+02   -3.36726e+00    0.00000e+00

          Box-X          Box-Y          Box-Z
    6.78467e+00    6.78467e+00    6.78467e+00

   Total Virial (kJ/mol)
    2.62566e+04   -5.96630e+00    1.01207e+02
   -5.94998e+00    2.59405e+04   -8.75549e+01
    1.01367e+02   -8.75565e+01    2.61944e+04

   Pressure (bar)
   -1.50199e+01    1.27765e-01   -1.09746e+01
    1.26041e-01    1.65385e+01    1.07640e+01
   -1.09916e+01    1.07641e+01   -1.16203e+01

      T-ProteinT-Water_and_ions
    3.00663e+02    3.00166e+02


	M E G A - F L O P S   A C C O U N T I N G

 NB=Group-cutoff nonbonded kernels    NxN=N-by-N cluster Verlet kernels
 RF=Reaction-Field  VdW=Van der Waals  QSTab=quadratic-spline table
 W3=SPC/TIP3p  W4=TIP4p (single or pairs)
 V&F=Potential and force  V=Potential only  F=Force only

 Computing:                               M-Number         M-Flops  % Flops
-----------------------------------------------------------------------------
 Pair Search distance check           14702.602316      132323.421     0.4
 NxN QSTab Elec. + LJ [F]            394772.673088    16185679.597    51.3
 NxN QSTab Elec. + LJ [V&F]            3995.537384      235736.706     0.7
 NxN QSTab Elec. [F]                 365406.156608    12423809.325    39.4
 NxN QSTab Elec. [V&F]                 3698.436728      151635.906     0.5
 1,4 nonbonded interactions             114.002280       10260.205     0.0
 Calc Weights                          4706.044119      169417.588     0.5
 Spread Q Bspline                    100395.607872      200791.216     0.6
 Gather F Bspline                    100395.607872      602373.647     1.9
 3D-FFT                              139519.590336     1116156.723     3.5
 Solve PME                               96.801936        6195.324     0.0
 Reset In Box                            39.153504         117.461     0.0
 CG-CoM                                  39.278996         117.837     0.0
 Angles                                  79.451589       13347.867     0.0
 Propers                                124.052481       28408.018     0.1
 Impropers                                8.300166        1726.435     0.0
 Pos. Restr.                             21.950439        1097.522     0.0
 Virial                                 160.497093        2888.948     0.0
 Stop-CM                                 15.749246         157.492     0.0
 Calc-Ekin                              313.792746        8472.404     0.0
 Lincs                                   82.377903        4942.674     0.0
 Lincs-Mat                             1765.280640        7061.123     0.0
 Constraint-V                          1851.591165       16664.320     0.1
 Constraint-Vir                         176.949888        4246.797     0.0
 Settle                                 562.290829      208047.607     0.7
-----------------------------------------------------------------------------
 Total                                                31531676.161   100.0
-----------------------------------------------------------------------------


    D O M A I N   D E C O M P O S I T I O N   S T A T I S T I C S

 av. #atoms communicated per step for force:  2 x 51101.0
 av. #atoms communicated per step for LINCS:  2 x 4082.6


Dynamic load balancing report:
 DLB got disabled because it was unsuitable to use.
 Average load imbalance: 11.4%.
 The balanceable part of the MD step is 57%, load imbalance is computed from this.
 Part of the total run time spent waiting due to load imbalance: 6.5%.
 Average PME mesh/force load: 0.663
 Part of the total run time spent waiting due to PP/PME imbalance: 4.6 %

NOTE: 6.5 % of the available CPU time was lost due to load imbalance
      in the domain decomposition.
      You can consider manually changing the decomposition (option -dd);
      e.g. by using fewer domains along the box dimension in which there is
      considerable inhomogeneity in the simulated system.

     R E A L   C Y C L E   A N D   T I M E   A C C O U N T I N G

On 16 MPI ranks doing PP, and
on 4 MPI ranks doing PME

 Computing:          Num   Num      Call    Wall time         Giga-Cycles
                     Ranks Threads  Count      (s)         total sum    %
-----------------------------------------------------------------------------
 Domain decomp.        16    1       1251       8.192        367.397   1.2
 DD comm. load         16    1        378       0.072          3.246   0.0
 DD comm. bounds       16    1        158       0.081          3.655   0.0
 Send X to PME         16    1      50001       9.749        437.235   1.5
 Neighbor search       16    1       1251       8.039        360.568   1.2
 Comm. coord.          16    1      48750      40.499       1816.395   6.0
 Force                 16    1      50001     229.710      10302.584  34.3
 Wait + Comm. F        16    1      50001      95.082       4264.463  14.2
 PME mesh *             4    1      50001     214.530       2405.447   8.0
 PME wait for PP *                            321.868       3608.979  12.0
 Wait + Recv. PME F    16    1      50001       7.439        333.639   1.1
 NB X/F buffer ops.    16    1     147501       2.402        107.748   0.4
 Write traj.           16    1         51       2.762        123.873   0.4
 Update                16    1      50001       0.902         40.440   0.1
 Constraints           16    1      50003     123.921       5557.923  18.5
 Comm. energies        16    1       5001       6.551        293.795   1.0
 Rest                                           1.008         45.229   0.2
-----------------------------------------------------------------------------
 Total                                        536.409      30072.739 100.0
-----------------------------------------------------------------------------
(*) Note that with separate PME ranks, the walltime column actually sums to
    twice the total reported, but the cycle count total and % are correct.
-----------------------------------------------------------------------------
 Breakdown of PME mesh computation
-----------------------------------------------------------------------------
 PME redist. X/F        4    1     100002      70.034        785.267   2.6
 PME spread             4    1      50001      44.205        495.657   1.6
 PME gather             4    1      50001      52.244        585.797   1.9
 PME 3D-FFT             4    1     100002      27.457        307.866   1.0
 PME 3D-FFT Comm.       4    1     100002      15.721        176.277   0.6
 PME solve Elec         4    1      50001       4.665         52.308   0.2
-----------------------------------------------------------------------------

               Core t (s)   Wall t (s)        (%)
       Time:    10727.995      536.409     2000.0
                 (ns/day)    (hour/ns)
Performance:       16.107        1.490
Finished mdrun on rank 0 Mon Oct 21 13:39:58 2024

