              :-) GROMACS - gmx mdrun, 2021.4-Ubuntu-2021.4-2 (-:

                            GROMACS is written by:
     Andrey Alekseenko              Emile Apol              Rossen Apostolov     
         Paul Bauer           Herman J.C. Berendsen           Par Bjelkmar       
       Christian Blau           Viacheslav Bolnykh             Kevin Boyd        
     Aldert van Buuren           Rudi van Drunen             Anton Feenstra      
    Gilles Gouaillardet             Alan Gray               Gerrit Groenhof      
       Anca Hamuraru            Vincent Hindriksen          M. Eric Irrgang      
      Aleksei Iupinov           Christoph Junghans             Joe Jordan        
    Dimitrios Karkoulis            Peter Kasson                Jiri Kraus        
      Carsten Kutzner              Per Larsson              Justin A. Lemkul     
       Viveca Lindahl            Magnus Lundborg             Erik Marklund       
        Pascal Merz             Pieter Meulenhoff            Teemu Murtola       
        Szilard Pall               Sander Pronk              Roland Schulz       
       Michael Shirts            Alexey Shvetsov             Alfons Sijbers      
       Peter Tieleman              Jon Vincent              Teemu Virolainen     
     Christian Wennberg            Maarten Wolf              Artem Zhmurov       
                           and the project leaders:
        Mark Abraham, Berk Hess, Erik Lindahl, and David van der Spoel

Copyright (c) 1991-2000, University of Groningen, The Netherlands.
Copyright (c) 2001-2019, The GROMACS development team at
Uppsala University, Stockholm University and
the Royal Institute of Technology, Sweden.
check out http://www.gromacs.org for more information.

GROMACS is free software; you can redistribute it and/or modify it
under the terms of the GNU Lesser General Public License
as published by the Free Software Foundation; either version 2.1
of the License, or (at your option) any later version.

GROMACS:      gmx mdrun, version 2021.4-Ubuntu-2021.4-2
Executable:   /usr/bin/gmx
Data prefix:  /usr
Working dir:  /mnt/e/JHU/Protein Bioinformatics/Project
Process ID:   6827
Command line:
  gmx mdrun -v -deffnm nvt

GROMACS version:    2021.4-Ubuntu-2021.4-2
Precision:          mixed
Memory model:       64 bit
MPI library:        thread_mpi
OpenMP support:     enabled (GMX_OPENMP_MAX_THREADS = 64)
GPU support:        disabled
SIMD instructions:  SSE4.1
FFT library:        fftw-3.3.8-sse2-avx
RDTSCP usage:       enabled
TNG support:        enabled
Hwloc support:      hwloc-2.5.0
Tracing support:    disabled
C compiler:         /usr/bin/cc GNU 11.2.0
C compiler flags:   -msse4.1 -Wno-missing-field-initializers -fexcess-precision=fast -funroll-all-loops -O3 -DNDEBUG
C++ compiler:       /usr/bin/c++ GNU 11.2.0
C++ compiler flags: -msse4.1 -Wno-missing-field-initializers -fexcess-precision=fast -funroll-all-loops -fopenmp -O3 -DNDEBUG


Running on 1 node with total 10 cores, 20 logical cores
Hardware detected:
  CPU info:
    Vendor: Intel
    Brand:  12th Gen Intel(R) Core(TM) i7-12800H
    Family: 6   Model: 154   Stepping: 3
    Features: aes apic avx avx2 clfsh cmov cx8 cx16 f16c fma htt intel lahf mmx msr nonstop_tsc pcid pclmuldq pdpe1gb popcnt pse rdrnd rdtscp sha sse2 sse3 sse4.1 sse4.2 ssse3 tdt x2apic
  Hardware topology: Full, with devices
    Sockets, cores, and logical processors:
      Socket  0: [   0   1] [   2   3] [   4   5] [   6   7] [   8   9] [  10  11] [  12  13] [  14  15] [  16  17] [  18  19]
    Numa nodes:
      Node  0 (8162504704 bytes mem):   0   1   2   3   4   5   6   7   8   9  10  11  12  13  14  15  16  17  18  19
      Latency:
               0
         0  1.00
    Caches:
      L1: 49152 bytes, linesize 64 bytes, assoc. 12, shared 2 ways
      L2: 1310720 bytes, linesize 64 bytes, assoc. 10, shared 2 ways
      L3: 25165824 bytes, linesize 64 bytes, assoc. 12, shared 20 ways
    PCI devices:
      1a06:00:00.0  Id: 1414:008e  Class: 0x0302  Numa: 0
      8f3b:00:00.0  Id: 1414:008e  Class: 0x0302  Numa: 0
      c911:00:00.0  Id: 1af4:1043  Class: 0x0100  Numa: 0

Highest SIMD level supported by all nodes in run: AVX2_256
SIMD instructions selected at compile time:       SSE4.1
This program was compiled for different hardware than you are running on,
which could influence performance.

++++ PLEASE READ AND CITE THE FOLLOWING REFERENCE ++++
M. J. Abraham, T. Murtola, R. Schulz, S. Páll, J. C. Smith, B. Hess, E.
Lindahl
GROMACS: High performance molecular simulations through multi-level
parallelism from laptops to supercomputers
SoftwareX 1 (2015) pp. 19-25
-------- -------- --- Thank You --- -------- --------


++++ PLEASE READ AND CITE THE FOLLOWING REFERENCE ++++
S. Páll, M. J. Abraham, C. Kutzner, B. Hess, E. Lindahl
Tackling Exascale Software Challenges in Molecular Dynamics Simulations with
GROMACS
In S. Markidis & E. Laure (Eds.), Solving Software Challenges for Exascale 8759 (2015) pp. 3-27
-------- -------- --- Thank You --- -------- --------


++++ PLEASE READ AND CITE THE FOLLOWING REFERENCE ++++
S. Pronk, S. Páll, R. Schulz, P. Larsson, P. Bjelkmar, R. Apostolov, M. R.
Shirts, J. C. Smith, P. M. Kasson, D. van der Spoel, B. Hess, and E. Lindahl
GROMACS 4.5: a high-throughput and highly parallel open source molecular
simulation toolkit
Bioinformatics 29 (2013) pp. 845-54
-------- -------- --- Thank You --- -------- --------


++++ PLEASE READ AND CITE THE FOLLOWING REFERENCE ++++
B. Hess and C. Kutzner and D. van der Spoel and E. Lindahl
GROMACS 4: Algorithms for highly efficient, load-balanced, and scalable
molecular simulation
J. Chem. Theory Comput. 4 (2008) pp. 435-447
-------- -------- --- Thank You --- -------- --------


++++ PLEASE READ AND CITE THE FOLLOWING REFERENCE ++++
D. van der Spoel, E. Lindahl, B. Hess, G. Groenhof, A. E. Mark and H. J. C.
Berendsen
GROMACS: Fast, Flexible and Free
J. Comp. Chem. 26 (2005) pp. 1701-1719
-------- -------- --- Thank You --- -------- --------


++++ PLEASE READ AND CITE THE FOLLOWING REFERENCE ++++
E. Lindahl and B. Hess and D. van der Spoel
GROMACS 3.0: A package for molecular simulation and trajectory analysis
J. Mol. Mod. 7 (2001) pp. 306-317
-------- -------- --- Thank You --- -------- --------


++++ PLEASE READ AND CITE THE FOLLOWING REFERENCE ++++
H. J. C. Berendsen, D. van der Spoel and R. van Drunen
GROMACS: A message-passing parallel molecular dynamics implementation
Comp. Phys. Comm. 91 (1995) pp. 43-56
-------- -------- --- Thank You --- -------- --------

Input Parameters:
   integrator                     = md
   tinit                          = 0
   dt                             = 0.002
   nsteps                         = 50000
   init-step                      = 0
   simulation-part                = 1
   mts                            = false
   comm-mode                      = Linear
   nstcomm                        = 100
   bd-fric                        = 0
   ld-seed                        = 1006600155
   emtol                          = 10
   emstep                         = 0.01
   niter                          = 20
   fcstep                         = 0
   nstcgsteep                     = 1000
   nbfgscorr                      = 10
   rtpi                           = 0.05
   nstxout                        = 1000
   nstvout                        = 1000
   nstfout                        = 0
   nstlog                         = 1000
   nstcalcenergy                  = 100
   nstenergy                      = 1000
   nstxout-compressed             = 0
   compressed-x-precision         = 1000
   cutoff-scheme                  = Verlet
   nstlist                        = 10
   pbc                            = xyz
   periodic-molecules             = false
   verlet-buffer-tolerance        = 0.005
   rlist                          = 1
   coulombtype                    = PME
   coulomb-modifier               = Potential-shift
   rcoulomb-switch                = 0
   rcoulomb                       = 1
   epsilon-r                      = 1
   epsilon-rf                     = inf
   vdw-type                       = Cut-off
   vdw-modifier                   = Potential-shift
   rvdw-switch                    = 0
   rvdw                           = 1
   DispCorr                       = EnerPres
   table-extension                = 1
   fourierspacing                 = 0.16
   fourier-nx                     = 44
   fourier-ny                     = 44
   fourier-nz                     = 44
   pme-order                      = 4
   ewald-rtol                     = 1e-05
   ewald-rtol-lj                  = 0.001
   lj-pme-comb-rule               = Geometric
   ewald-geometry                 = 0
   epsilon-surface                = 0
   tcoupl                         = V-rescale
   nsttcouple                     = 10
   nh-chain-length                = 0
   print-nose-hoover-chain-variables = false
   pcoupl                         = No
   pcoupltype                     = Isotropic
   nstpcouple                     = -1
   tau-p                          = 1
   compressibility (3x3):
      compressibility[    0]={ 0.00000e+00,  0.00000e+00,  0.00000e+00}
      compressibility[    1]={ 0.00000e+00,  0.00000e+00,  0.00000e+00}
      compressibility[    2]={ 0.00000e+00,  0.00000e+00,  0.00000e+00}
   ref-p (3x3):
      ref-p[    0]={ 0.00000e+00,  0.00000e+00,  0.00000e+00}
      ref-p[    1]={ 0.00000e+00,  0.00000e+00,  0.00000e+00}
      ref-p[    2]={ 0.00000e+00,  0.00000e+00,  0.00000e+00}
   refcoord-scaling               = No
   posres-com (3):
      posres-com[0]= 0.00000e+00
      posres-com[1]= 0.00000e+00
      posres-com[2]= 0.00000e+00
   posres-comB (3):
      posres-comB[0]= 0.00000e+00
      posres-comB[1]= 0.00000e+00
      posres-comB[2]= 0.00000e+00
   QMMM                           = false
qm-opts:
   ngQM                           = 0
   constraint-algorithm           = Lincs
   continuation                   = false
   Shake-SOR                      = false
   shake-tol                      = 0.0001
   lincs-order                    = 4
   lincs-iter                     = 1
   lincs-warnangle                = 30
   nwall                          = 0
   wall-type                      = 9-3
   wall-r-linpot                  = -1
   wall-atomtype[0]               = -1
   wall-atomtype[1]               = -1
   wall-density[0]                = 0
   wall-density[1]                = 0
   wall-ewald-zfac                = 3
   pull                           = false
   awh                            = false
   rotation                       = false
   interactiveMD                  = false
   disre                          = No
   disre-weighting                = Conservative
   disre-mixed                    = false
   dr-fc                          = 1000
   dr-tau                         = 0
   nstdisreout                    = 100
   orire-fc                       = 0
   orire-tau                      = 0
   nstorireout                    = 100
   free-energy                    = no
   cos-acceleration               = 0
   deform (3x3):
      deform[    0]={ 0.00000e+00,  0.00000e+00,  0.00000e+00}
      deform[    1]={ 0.00000e+00,  0.00000e+00,  0.00000e+00}
      deform[    2]={ 0.00000e+00,  0.00000e+00,  0.00000e+00}
   simulated-tempering            = false
   swapcoords                     = no
   userint1                       = 0
   userint2                       = 0
   userint3                       = 0
   userint4                       = 0
   userreal1                      = 0
   userreal2                      = 0
   userreal3                      = 0
   userreal4                      = 0
   applied-forces:
     electric-field:
       x:
         E0                       = 0
         omega                    = 0
         t0                       = 0
         sigma                    = 0
       y:
         E0                       = 0
         omega                    = 0
         t0                       = 0
         sigma                    = 0
       z:
         E0                       = 0
         omega                    = 0
         t0                       = 0
         sigma                    = 0
     density-guided-simulation:
       active                     = false
       group                      = protein
       similarity-measure         = inner-product
       atom-spreading-weight      = unity
       force-constant             = 1e+09
       gaussian-transform-spreading-width = 0.2
       gaussian-transform-spreading-range-in-multiples-of-width = 4
       reference-density-filename = reference.mrc
       nst                        = 1
       normalize-densities        = true
       adaptive-force-scaling     = false
       adaptive-force-scaling-time-constant = 4
       shift-vector               = 
       transformation-matrix      = 
grpopts:
   nrdf:     1714.92     61023.1
   ref-t:         300         300
   tau-t:         0.1         0.1
annealing:          No          No
annealing-npoints:           0           0
   acc:	           0           0           0
   nfreeze:           N           N           N
   energygrp-flags[  0]: 0

Changing nstlist from 10 to 40, rlist from 1 to 1.096


Initializing Domain Decomposition on 20 ranks
Dynamic load balancing: auto
Minimum cell size due to atom displacement: 0.414 nm
Initial maximum distances in bonded interactions:
    two-body bonded interactions: 0.440 nm, LJ-14, atoms 255 417
  multi-body bonded interactions: 0.440 nm, Proper Dih., atoms 417 255
Minimum cell size due to bonded interactions: 0.484 nm
Maximum distance for 5 constraints, at 120 deg. angles, all-trans: 0.871 nm
Estimated maximum distance required for P-LINCS: 0.871 nm
This distance will limit the DD cell size, you can override this with -rcon
Scaling the initial minimum size with 1/0.8 (option -dds) = 1.25
Guess for relative PME load: 0.13
Will use 16 particle-particle and 4 PME only ranks
This is a guess, check the performance at the end of the log file
Using 4 separate PME ranks, as guessed by mdrun
Optimizing the DD grid for 16 cells with a minimum initial size of 1.089 nm
The maximum allowed number of cells is: X 6 Y 6 Z 6
Domain decomposition grid 4 x 4 x 1, separate PME ranks 4
PME domain decomposition: 4 x 1 x 1
Interleaving PP and PME ranks
This rank does only particle-particle work.
Domain decomposition rank 0, coordinates 0 0 0

The initial number of communication pulses is: X 1 Y 1
The initial domain decomposition cell size is: X 1.71 nm Y 1.71 nm

The maximum allowed distance for atoms involved in interactions is:
                 non-bonded interactions           1.096 nm
            two-body bonded interactions  (-rdd)   1.096 nm
          multi-body bonded interactions  (-rdd)   1.096 nm
  atoms separated by up to 5 constraints  (-rcon)  1.710 nm

When dynamic load balancing gets turned on, these settings will change to:
The maximum number of communication pulses is: X 1 Y 1
The minimum size for domain decomposition cells is 1.096 nm
The requested allowed shrink of DD cells (option -dds) is: 0.80
The allowed shrink of domain decomposition cells is: X 0.64 Y 0.64
The maximum allowed distance for atoms involved in interactions is:
                 non-bonded interactions           1.096 nm
            two-body bonded interactions  (-rdd)   1.096 nm
          multi-body bonded interactions  (-rdd)   1.096 nm
  atoms separated by up to 5 constraints  (-rcon)  1.096 nm

Using 20 MPI threads
Using 1 OpenMP thread per tMPI thread

Pinning threads with an auto-selected logical core stride of 1
System total charge: 0.000
Will do PME sum in reciprocal space for electrostatic interactions.

++++ PLEASE READ AND CITE THE FOLLOWING REFERENCE ++++
U. Essmann, L. Perera, M. L. Berkowitz, T. Darden, H. Lee and L. G. Pedersen 
A smooth particle mesh Ewald method
J. Chem. Phys. 103 (1995) pp. 8577-8592
-------- -------- --- Thank You --- -------- --------

Using a Gaussian width (1/beta) of 0.320163 nm for Ewald
Potential shift: LJ r^-12: -1.000e+00 r^-6: -1.000e+00, Ewald -1.000e-05
Initialized non-bonded Ewald tables, spacing: 9.33e-04 size: 1073

Generated table with 1048 data points for 1-4 COUL.
Tabscale = 500 points/nm
Generated table with 1048 data points for 1-4 LJ6.
Tabscale = 500 points/nm
Generated table with 1048 data points for 1-4 LJ12.
Tabscale = 500 points/nm
Long Range LJ corr.: <C6> 3.0350e-04


Using SIMD 4x4 nonbonded short-range kernels

Using a dual 4x4 pair-list setup updated with dynamic pruning:
  outer list: updated every 40 steps, buffer 0.096 nm, rlist 1.096 nm
  inner list: updated every 12 steps, buffer 0.003 nm, rlist 1.003 nm
At tolerance 0.005 kJ/mol/ps per atom, equivalent classical 1x1 list would be:
  outer list: updated every 40 steps, buffer 0.211 nm, rlist 1.211 nm
  inner list: updated every 12 steps, buffer 0.048 nm, rlist 1.048 nm

Using Lorentz-Berthelot Lennard-Jones combination rule
Removing pbc first time

Initializing Parallel LINear Constraint Solver

++++ PLEASE READ AND CITE THE FOLLOWING REFERENCE ++++
B. Hess
P-LINCS: A Parallel Linear Constraint Solver for molecular simulation
J. Chem. Theory Comput. 4 (2008) pp. 116-122
-------- -------- --- Thank You --- -------- --------

The number of constraints is 874
There are constraints between atoms in different decomposition domains,
will communicate selected coordinates each lincs iteration

++++ PLEASE READ AND CITE THE FOLLOWING REFERENCE ++++
S. Miyamoto and P. A. Kollman
SETTLE: An Analytical Version of the SHAKE and RATTLE Algorithms for Rigid
Water Models
J. Comp. Chem. 13 (1992) pp. 952-962
-------- -------- --- Thank You --- -------- --------


Linking all bonded interactions to atoms


Intra-simulation communication will occur every 10 steps.

++++ PLEASE READ AND CITE THE FOLLOWING REFERENCE ++++
G. Bussi, D. Donadio and M. Parrinello
Canonical sampling through velocity rescaling
J. Chem. Phys. 126 (2007) pp. 014101
-------- -------- --- Thank You --- -------- --------

There are: 31373 Atoms
Atom distribution over 16 domains: av 1960 stddev 67 min 1870 max 2032

Constraining the starting coordinates (step 0)

Constraining the coordinates at t0-dt (step 0)
Center of mass motion removal mode is Linear
We have the following groups for center of mass motion removal:
  0:  rest
RMS relative constraint deviation after constraining: 0.00e+00
Initial temperature: 301.601 K

Started mdrun on rank 0 Mon Oct 21 13:02:00 2024

           Step           Time
              0        0.00000

   Energies (kJ/mol)
          Angle    Proper Dih.  Improper Dih.          LJ-14     Coulomb-14
    8.75799e+02    2.17950e+03    4.13261e+01    7.24046e+02    1.07262e+04
        LJ (SR)  Disper. corr.   Coulomb (SR)   Coul. recip. Position Rest.
    8.44642e+04   -3.90205e+03   -6.02200e+05    3.89954e+03    4.64467e-01
      Potential    Kinetic En.   Total Energy  Conserved En.    Temperature
   -5.03191e+05    7.88951e+04   -4.24296e+05   -4.24296e+05    3.02493e+02
 Pres. DC (bar) Pressure (bar)   Constr. rmsd
   -2.02549e+02   -3.99532e+03    7.29737e-05


DD  step 39 load imb.: force 10.5%  pme mesh/force 0.642

step 80 Turning on dynamic load balancing, because the performance loss due to load imbalance is 4.4 %.

DD  step 999  vol min/aver 0.883  load imb.: force  7.1%  pme mesh/force 0.751
           Step           Time
           1000        2.00000

   Energies (kJ/mol)
          Angle    Proper Dih.  Improper Dih.          LJ-14     Coulomb-14
    1.86736e+03    2.31983e+03    1.15768e+02    8.86098e+02    1.08095e+04
        LJ (SR)  Disper. corr.   Coulomb (SR)   Coul. recip. Position Rest.
    8.88595e+04   -3.90205e+03   -5.83252e+05    2.69251e+03    3.56973e+02
      Potential    Kinetic En.   Total Energy  Conserved En.    Temperature
   -4.79247e+05    7.91904e+04   -4.00056e+05   -4.23695e+05    3.03625e+02
 Pres. DC (bar) Pressure (bar)   Constr. rmsd
   -2.02549e+02   -4.66446e+02    2.94207e-05


DD  step 1999  vol min/aver 0.876  load imb.: force 13.1%  pme mesh/force 0.533
           Step           Time
           2000        4.00000

   Energies (kJ/mol)
          Angle    Proper Dih.  Improper Dih.          LJ-14     Coulomb-14
    1.91963e+03    2.31486e+03    9.74418e+01    8.82323e+02    1.08273e+04
        LJ (SR)  Disper. corr.   Coulomb (SR)   Coul. recip. Position Rest.
    9.01410e+04   -3.90205e+03   -5.86785e+05    2.63849e+03    2.87490e+02
      Potential    Kinetic En.   Total Energy  Conserved En.    Temperature
   -4.81579e+05    7.84966e+04   -4.03082e+05   -4.23696e+05    3.00965e+02
 Pres. DC (bar) Pressure (bar)   Constr. rmsd
   -2.02549e+02   -5.13168e+02    3.08658e-05


DD  step 2999  vol min/aver 0.734  load imb.: force  9.4%  pme mesh/force 0.846
           Step           Time
           3000        6.00000

   Energies (kJ/mol)
          Angle    Proper Dih.  Improper Dih.          LJ-14     Coulomb-14
    1.88508e+03    2.32807e+03    1.13703e+02    8.99066e+02    1.09456e+04
        LJ (SR)  Disper. corr.   Coulomb (SR)   Coul. recip. Position Rest.
    8.93304e+04   -3.90205e+03   -5.85817e+05    2.69536e+03    2.66867e+02
      Potential    Kinetic En.   Total Energy  Conserved En.    Temperature
   -4.81255e+05    7.79528e+04   -4.03302e+05   -4.23712e+05    2.98880e+02
 Pres. DC (bar) Pressure (bar)   Constr. rmsd
   -2.02549e+02   -5.25811e+02    3.24299e-05


step 3200 Turning off dynamic load balancing, because it is degrading performance.
Atom distribution over 16 domains: av 1960 stddev 60 min 1929 max 2002

DD  step 3999 load imb.: force 12.4%  pme mesh/force 0.576
           Step           Time
           4000        8.00000

   Energies (kJ/mol)
          Angle    Proper Dih.  Improper Dih.          LJ-14     Coulomb-14
    1.92657e+03    2.33455e+03    9.05712e+01    8.81741e+02    1.08962e+04
        LJ (SR)  Disper. corr.   Coulomb (SR)   Coul. recip. Position Rest.
    9.02150e+04   -3.90205e+03   -5.87226e+05    2.68476e+03    3.12724e+02
      Potential    Kinetic En.   Total Energy  Conserved En.    Temperature
   -4.81786e+05    7.84125e+04   -4.03374e+05   -4.23735e+05    3.00643e+02
 Pres. DC (bar) Pressure (bar)   Constr. rmsd
   -2.02549e+02   -5.87248e+02    3.16127e-05


DD  step 4999 load imb.: force  7.2%  pme mesh/force 0.558
           Step           Time
           5000       10.00000

   Energies (kJ/mol)
          Angle    Proper Dih.  Improper Dih.          LJ-14     Coulomb-14
    1.92012e+03    2.29306e+03    1.10219e+02    8.89584e+02    1.07784e+04
        LJ (SR)  Disper. corr.   Coulomb (SR)   Coul. recip. Position Rest.
    9.10999e+04   -3.90205e+03   -5.88376e+05    2.62814e+03    3.13169e+02
      Potential    Kinetic En.   Total Energy  Conserved En.    Temperature
   -4.82246e+05    7.73897e+04   -4.04856e+05   -4.23734e+05    2.96721e+02
 Pres. DC (bar) Pressure (bar)   Constr. rmsd
   -2.02549e+02   -5.16083e+02    2.78615e-05


DD  step 5999 load imb.: force 12.6%  pme mesh/force 0.530
           Step           Time
           6000       12.00000

   Energies (kJ/mol)
          Angle    Proper Dih.  Improper Dih.          LJ-14     Coulomb-14
    1.85687e+03    2.34737e+03    9.82505e+01    8.86158e+02    1.09436e+04
        LJ (SR)  Disper. corr.   Coulomb (SR)   Coul. recip. Position Rest.
    8.94946e+04   -3.90205e+03   -5.87946e+05    2.84046e+03    2.67749e+02
      Potential    Kinetic En.   Total Energy  Conserved En.    Temperature
   -4.83113e+05    7.80525e+04   -4.05061e+05   -4.23763e+05    2.99262e+02
 Pres. DC (bar) Pressure (bar)   Constr. rmsd
   -2.02549e+02   -6.77235e+02    2.96894e-05


DD  step 6999 load imb.: force 10.1%  pme mesh/force 0.540
           Step           Time
           7000       14.00000

   Energies (kJ/mol)
          Angle    Proper Dih.  Improper Dih.          LJ-14     Coulomb-14
    1.92133e+03    2.28049e+03    9.45926e+01    8.85616e+02    1.08163e+04
        LJ (SR)  Disper. corr.   Coulomb (SR)   Coul. recip. Position Rest.
    9.11084e+04   -3.90205e+03   -5.89115e+05    2.66982e+03    3.08861e+02
      Potential    Kinetic En.   Total Energy  Conserved En.    Temperature
   -4.82931e+05    7.76767e+04   -4.05255e+05   -4.23780e+05    2.97822e+02
 Pres. DC (bar) Pressure (bar)   Constr. rmsd
   -2.02549e+02   -4.33856e+02    3.24811e-05


DD  step 7999 load imb.: force  7.1%  pme mesh/force 0.532

step 8000 Turning on dynamic load balancing, because the performance loss due to load imbalance is 6.3 %.
           Step           Time
           8000       16.00000

   Energies (kJ/mol)
          Angle    Proper Dih.  Improper Dih.          LJ-14     Coulomb-14
    1.88441e+03    2.33685e+03    1.36559e+02    8.71351e+02    1.07757e+04
        LJ (SR)  Disper. corr.   Coulomb (SR)   Coul. recip. Position Rest.
    9.15217e+04   -3.90205e+03   -5.89989e+05    2.68516e+03    2.55356e+02
      Potential    Kinetic En.   Total Energy  Conserved En.    Temperature
   -4.83424e+05    7.80112e+04   -4.05413e+05   -4.23797e+05    2.99104e+02
 Pres. DC (bar) Pressure (bar)   Constr. rmsd
   -2.02549e+02   -4.41177e+02    3.20343e-05

step 8800 Turning off dynamic load balancing, because it is degrading performance.
Atom distribution over 16 domains: av 1960 stddev 64 min 1902 max 2019

DD  step 8999 load imb.: force 13.7%  pme mesh/force 0.588
           Step           Time
           9000       18.00000

   Energies (kJ/mol)
          Angle    Proper Dih.  Improper Dih.          LJ-14     Coulomb-14
    1.85982e+03    2.25690e+03    1.11050e+02    9.23591e+02    1.09505e+04
        LJ (SR)  Disper. corr.   Coulomb (SR)   Coul. recip. Position Rest.
    8.90761e+04   -3.90205e+03   -5.86440e+05    2.71457e+03    2.49789e+02
      Potential    Kinetic En.   Total Energy  Conserved En.    Temperature
   -4.82200e+05    7.84138e+04   -4.03786e+05   -4.23812e+05    3.00648e+02
 Pres. DC (bar) Pressure (bar)   Constr. rmsd
   -2.02549e+02   -6.64205e+02    2.64877e-05


DD  step 9999 load imb.: force 10.9%  pme mesh/force 0.599
           Step           Time
          10000       20.00000

   Energies (kJ/mol)
          Angle    Proper Dih.  Improper Dih.          LJ-14     Coulomb-14
    1.93671e+03    2.34501e+03    1.05139e+02    9.06234e+02    1.09049e+04
        LJ (SR)  Disper. corr.   Coulomb (SR)   Coul. recip. Position Rest.
    9.12990e+04   -3.90205e+03   -5.89276e+05    2.60993e+03    2.34931e+02
      Potential    Kinetic En.   Total Energy  Conserved En.    Temperature
   -4.82836e+05    7.84932e+04   -4.04343e+05   -4.23831e+05    3.00952e+02
 Pres. DC (bar) Pressure (bar)   Constr. rmsd
   -2.02549e+02   -3.49871e+02    2.95162e-05


DD  step 10999 load imb.: force 11.0%  pme mesh/force 0.647
           Step           Time
          11000       22.00000

   Energies (kJ/mol)
          Angle    Proper Dih.  Improper Dih.          LJ-14     Coulomb-14
    1.89612e+03    2.30903e+03    1.29468e+02    8.95249e+02    1.09421e+04
        LJ (SR)  Disper. corr.   Coulomb (SR)   Coul. recip. Position Rest.
    8.89898e+04   -3.90205e+03   -5.85672e+05    2.70240e+03    2.50567e+02
      Potential    Kinetic En.   Total Energy  Conserved En.    Temperature
   -4.81459e+05    7.91607e+04   -4.02299e+05   -4.23855e+05    3.03511e+02
 Pres. DC (bar) Pressure (bar)   Constr. rmsd
   -2.02549e+02   -6.90698e+02    2.93371e-05


DD  step 11999 load imb.: force  8.4%  pme mesh/force 0.576

step 12000 Will no longer try dynamic load balancing, as it degraded performance.
           Step           Time
          12000       24.00000

   Energies (kJ/mol)
          Angle    Proper Dih.  Improper Dih.          LJ-14     Coulomb-14
    1.78399e+03    2.28356e+03    1.03732e+02    9.19284e+02    1.08768e+04
        LJ (SR)  Disper. corr.   Coulomb (SR)   Coul. recip. Position Rest.
    9.01326e+04   -3.90205e+03   -5.87834e+05    2.73325e+03    3.06805e+02
      Potential    Kinetic En.   Total Energy  Conserved En.    Temperature
   -4.82596e+05    7.74677e+04   -4.05128e+05   -4.23854e+05    2.97020e+02
 Pres. DC (bar) Pressure (bar)   Constr. rmsd
   -2.02549e+02   -4.91184e+02    2.64052e-05


DD  step 12999 load imb.: force 11.0%  pme mesh/force 0.596
           Step           Time
          13000       26.00000

   Energies (kJ/mol)
          Angle    Proper Dih.  Improper Dih.          LJ-14     Coulomb-14
    1.87390e+03    2.36682e+03    1.17491e+02    8.99944e+02    1.08188e+04
        LJ (SR)  Disper. corr.   Coulomb (SR)   Coul. recip. Position Rest.
    8.90603e+04   -3.90205e+03   -5.86312e+05    2.75337e+03    2.51107e+02
      Potential    Kinetic En.   Total Energy  Conserved En.    Temperature
   -4.82072e+05    7.78633e+04   -4.04209e+05   -4.23890e+05    2.98537e+02
 Pres. DC (bar) Pressure (bar)   Constr. rmsd
   -2.02549e+02   -7.29974e+02    3.22182e-05


DD  step 13999 load imb.: force  6.3%  pme mesh/force 0.561
           Step           Time
          14000       28.00000

   Energies (kJ/mol)
          Angle    Proper Dih.  Improper Dih.          LJ-14     Coulomb-14
    1.75448e+03    2.40724e+03    1.41768e+02    8.95126e+02    1.08607e+04
        LJ (SR)  Disper. corr.   Coulomb (SR)   Coul. recip. Position Rest.
    9.00434e+04   -3.90205e+03   -5.88448e+05    2.77383e+03    2.56503e+02
      Potential    Kinetic En.   Total Energy  Conserved En.    Temperature
   -4.83217e+05    7.79098e+04   -4.05308e+05   -4.23899e+05    2.98715e+02
 Pres. DC (bar) Pressure (bar)   Constr. rmsd
   -2.02549e+02   -7.60763e+02    3.06694e-05


DD  step 14999 load imb.: force 17.2%  pme mesh/force 0.560
           Step           Time
          15000       30.00000

   Energies (kJ/mol)
          Angle    Proper Dih.  Improper Dih.          LJ-14     Coulomb-14
    1.91317e+03    2.33168e+03    1.13632e+02    8.34855e+02    1.08293e+04
        LJ (SR)  Disper. corr.   Coulomb (SR)   Coul. recip. Position Rest.
    8.98007e+04   -3.90205e+03   -5.88635e+05    2.66051e+03    3.18555e+02
      Potential    Kinetic En.   Total Energy  Conserved En.    Temperature
   -4.83734e+05    7.81573e+04   -4.05577e+05   -4.23913e+05    2.99664e+02
 Pres. DC (bar) Pressure (bar)   Constr. rmsd
   -2.02549e+02   -9.14011e+02    3.52143e-05


DD  step 15999 load imb.: force 12.0%  pme mesh/force 0.549
           Step           Time
          16000       32.00000

   Energies (kJ/mol)
          Angle    Proper Dih.  Improper Dih.          LJ-14     Coulomb-14
    1.89978e+03    2.33209e+03    1.07139e+02    8.82454e+02    1.08161e+04
        LJ (SR)  Disper. corr.   Coulomb (SR)   Coul. recip. Position Rest.
    9.04569e+04   -3.90205e+03   -5.88294e+05    2.62755e+03    2.87929e+02
      Potential    Kinetic En.   Total Energy  Conserved En.    Temperature
   -4.82786e+05    7.84753e+04   -4.04311e+05   -4.23929e+05    3.00883e+02
 Pres. DC (bar) Pressure (bar)   Constr. rmsd
   -2.02549e+02   -4.06373e+02    2.76227e-05


DD  step 16999 load imb.: force  8.1%  pme mesh/force 0.608
           Step           Time
          17000       34.00000

   Energies (kJ/mol)
          Angle    Proper Dih.  Improper Dih.          LJ-14     Coulomb-14
    1.86459e+03    2.30998e+03    1.16611e+02    8.85086e+02    1.08140e+04
        LJ (SR)  Disper. corr.   Coulomb (SR)   Coul. recip. Position Rest.
    9.00341e+04   -3.90205e+03   -5.87347e+05    2.68719e+03    2.77481e+02
      Potential    Kinetic En.   Total Energy  Conserved En.    Temperature
   -4.82260e+05    7.77126e+04   -4.04547e+05   -4.23952e+05    2.97959e+02
 Pres. DC (bar) Pressure (bar)   Constr. rmsd
   -2.02549e+02   -5.55055e+02    3.19916e-05


DD  step 17999 load imb.: force 13.0%  pme mesh/force 0.648
           Step           Time
          18000       36.00000

   Energies (kJ/mol)
          Angle    Proper Dih.  Improper Dih.          LJ-14     Coulomb-14
    1.89423e+03    2.35312e+03    1.09146e+02    8.90899e+02    1.08021e+04
        LJ (SR)  Disper. corr.   Coulomb (SR)   Coul. recip. Position Rest.
    9.01901e+04   -3.90205e+03   -5.88289e+05    2.75940e+03    2.82500e+02
      Potential    Kinetic En.   Total Energy  Conserved En.    Temperature
   -4.82910e+05    7.86736e+04   -4.04236e+05   -4.23972e+05    3.01644e+02
 Pres. DC (bar) Pressure (bar)   Constr. rmsd
   -2.02549e+02   -8.65299e+02    3.21546e-05


DD  step 18999 load imb.: force 10.7%  pme mesh/force 0.591
           Step           Time
          19000       38.00000

   Energies (kJ/mol)
          Angle    Proper Dih.  Improper Dih.          LJ-14     Coulomb-14
    1.92672e+03    2.28877e+03    9.11376e+01    8.57822e+02    1.08022e+04
        LJ (SR)  Disper. corr.   Coulomb (SR)   Coul. recip. Position Rest.
    9.07573e+04   -3.90205e+03   -5.88266e+05    2.71610e+03    2.39251e+02
      Potential    Kinetic En.   Total Energy  Conserved En.    Temperature
   -4.82489e+05    7.78810e+04   -4.04608e+05   -4.23973e+05    2.98605e+02
 Pres. DC (bar) Pressure (bar)   Constr. rmsd
   -2.02549e+02   -7.04425e+02    3.19663e-05


DD  step 19999 load imb.: force 19.0%  pme mesh/force 0.839
           Step           Time
          20000       40.00000

   Energies (kJ/mol)
          Angle    Proper Dih.  Improper Dih.          LJ-14     Coulomb-14
    1.80224e+03    2.34213e+03    1.01698e+02    8.90880e+02    1.08920e+04
        LJ (SR)  Disper. corr.   Coulomb (SR)   Coul. recip. Position Rest.
    8.82282e+04   -3.90205e+03   -5.85581e+05    2.76813e+03    2.39097e+02
      Potential    Kinetic En.   Total Energy  Conserved En.    Temperature
   -4.82219e+05    7.81419e+04   -4.04077e+05   -4.23992e+05    2.99605e+02
 Pres. DC (bar) Pressure (bar)   Constr. rmsd
   -2.02549e+02   -1.04174e+03    3.31429e-05


DD  step 20999 load imb.: force 16.5%  pme mesh/force 0.819
           Step           Time
          21000       42.00000

   Energies (kJ/mol)
          Angle    Proper Dih.  Improper Dih.          LJ-14     Coulomb-14
    1.83169e+03    2.35396e+03    1.07233e+02    8.65401e+02    1.08692e+04
        LJ (SR)  Disper. corr.   Coulomb (SR)   Coul. recip. Position Rest.
    8.97434e+04   -3.90205e+03   -5.88410e+05    2.71207e+03    2.60046e+02
      Potential    Kinetic En.   Total Energy  Conserved En.    Temperature
   -4.83569e+05    7.84343e+04   -4.05135e+05   -4.24021e+05    3.00726e+02
 Pres. DC (bar) Pressure (bar)   Constr. rmsd
   -2.02549e+02   -6.86688e+02    3.40143e-05


DD  step 21999 load imb.: force 27.0%  pme mesh/force 0.737
           Step           Time
          22000       44.00000

   Energies (kJ/mol)
          Angle    Proper Dih.  Improper Dih.          LJ-14     Coulomb-14
    1.76042e+03    2.34316e+03    1.12274e+02    8.90327e+02    1.09521e+04
        LJ (SR)  Disper. corr.   Coulomb (SR)   Coul. recip. Position Rest.
    8.96926e+04   -3.90205e+03   -5.87798e+05    2.57123e+03    2.81767e+02
      Potential    Kinetic En.   Total Energy  Conserved En.    Temperature
   -4.83096e+05    7.78222e+04   -4.05274e+05   -4.24036e+05    2.98379e+02
 Pres. DC (bar) Pressure (bar)   Constr. rmsd
   -2.02549e+02   -5.55992e+02    2.65215e-05


DD  step 22999 load imb.: force  8.5%  pme mesh/force 0.552
           Step           Time
          23000       46.00000

   Energies (kJ/mol)
          Angle    Proper Dih.  Improper Dih.          LJ-14     Coulomb-14
    1.78210e+03    2.33360e+03    1.01657e+02    8.88794e+02    1.08742e+04
        LJ (SR)  Disper. corr.   Coulomb (SR)   Coul. recip. Position Rest.
    9.05934e+04   -3.90205e+03   -5.88343e+05    2.68118e+03    2.61495e+02
      Potential    Kinetic En.   Total Energy  Conserved En.    Temperature
   -4.82729e+05    7.85299e+04   -4.04199e+05   -4.24052e+05    3.01093e+02
 Pres. DC (bar) Pressure (bar)   Constr. rmsd
   -2.02549e+02   -4.54090e+02    3.20522e-05


DD  step 23999 load imb.: force 14.0%  pme mesh/force 0.827
           Step           Time
          24000       48.00000

   Energies (kJ/mol)
          Angle    Proper Dih.  Improper Dih.          LJ-14     Coulomb-14
    1.84059e+03    2.34454e+03    9.98927e+01    8.89617e+02    1.09255e+04
        LJ (SR)  Disper. corr.   Coulomb (SR)   Coul. recip. Position Rest.
    8.94491e+04   -3.90205e+03   -5.87584e+05    2.68101e+03    2.66183e+02
      Potential    Kinetic En.   Total Energy  Conserved En.    Temperature
   -4.82990e+05    7.89816e+04   -4.04008e+05   -4.24092e+05    3.02824e+02
 Pres. DC (bar) Pressure (bar)   Constr. rmsd
   -2.02549e+02   -8.31192e+02    2.92094e-05


DD  step 24999 load imb.: force  7.1%  pme mesh/force 0.653
           Step           Time
          25000       50.00000

   Energies (kJ/mol)
          Angle    Proper Dih.  Improper Dih.          LJ-14     Coulomb-14
    1.82057e+03    2.32554e+03    7.62350e+01    9.02396e+02    1.08995e+04
        LJ (SR)  Disper. corr.   Coulomb (SR)   Coul. recip. Position Rest.
    9.07045e+04   -3.90205e+03   -5.87935e+05    2.67518e+03    2.94704e+02
      Potential    Kinetic En.   Total Energy  Conserved En.    Temperature
   -4.82138e+05    7.88191e+04   -4.03319e+05   -4.24098e+05    3.02202e+02
 Pres. DC (bar) Pressure (bar)   Constr. rmsd
   -2.02549e+02   -2.11019e+02    2.67112e-05


DD  step 25999 load imb.: force 12.2%  pme mesh/force 0.650
           Step           Time
          26000       52.00000

   Energies (kJ/mol)
          Angle    Proper Dih.  Improper Dih.          LJ-14     Coulomb-14
    1.81851e+03    2.30597e+03    1.10323e+02    8.92118e+02    1.09066e+04
        LJ (SR)  Disper. corr.   Coulomb (SR)   Coul. recip. Position Rest.
    9.10102e+04   -3.90205e+03   -5.88870e+05    2.75481e+03    2.45808e+02
      Potential    Kinetic En.   Total Energy  Conserved En.    Temperature
   -4.82727e+05    7.78915e+04   -4.04836e+05   -4.24102e+05    2.98645e+02
 Pres. DC (bar) Pressure (bar)   Constr. rmsd
   -2.02549e+02   -3.33612e+02    2.86663e-05


DD  step 26999 load imb.: force  6.1%  pme mesh/force 0.594
           Step           Time
          27000       54.00000

   Energies (kJ/mol)
          Angle    Proper Dih.  Improper Dih.          LJ-14     Coulomb-14
    1.89651e+03    2.33335e+03    1.19701e+02    8.82211e+02    1.08375e+04
        LJ (SR)  Disper. corr.   Coulomb (SR)   Coul. recip. Position Rest.
    8.95426e+04   -3.90205e+03   -5.86975e+05    2.68973e+03    2.38457e+02
      Potential    Kinetic En.   Total Energy  Conserved En.    Temperature
   -4.82337e+05    7.95390e+04   -4.02798e+05   -4.24137e+05    3.04962e+02
 Pres. DC (bar) Pressure (bar)   Constr. rmsd
   -2.02549e+02   -6.39175e+02    3.23566e-05


DD  step 27999 load imb.: force  6.6%  pme mesh/force 0.732
           Step           Time
          28000       56.00000

   Energies (kJ/mol)
          Angle    Proper Dih.  Improper Dih.          LJ-14     Coulomb-14
    1.90620e+03    2.31381e+03    1.11232e+02    8.64031e+02    1.08966e+04
        LJ (SR)  Disper. corr.   Coulomb (SR)   Coul. recip. Position Rest.
    9.00529e+04   -3.90205e+03   -5.87212e+05    2.75368e+03    2.82699e+02
      Potential    Kinetic En.   Total Energy  Conserved En.    Temperature
   -4.81933e+05    7.89382e+04   -4.02995e+05   -4.24131e+05    3.02658e+02
 Pres. DC (bar) Pressure (bar)   Constr. rmsd
   -2.02549e+02   -5.56021e+02    3.12201e-05


DD  step 28999 load imb.: force 12.9%  pme mesh/force 0.646
           Step           Time
          29000       58.00000

   Energies (kJ/mol)
          Angle    Proper Dih.  Improper Dih.          LJ-14     Coulomb-14
    1.81170e+03    2.34926e+03    1.10263e+02    8.77335e+02    1.08445e+04
        LJ (SR)  Disper. corr.   Coulomb (SR)   Coul. recip. Position Rest.
    8.95377e+04   -3.90205e+03   -5.87837e+05    2.69789e+03    2.93654e+02
      Potential    Kinetic En.   Total Energy  Conserved En.    Temperature
   -4.83216e+05    7.84309e+04   -4.04785e+05   -4.24153e+05    3.00713e+02
 Pres. DC (bar) Pressure (bar)   Constr. rmsd
   -2.02549e+02   -6.88914e+02    2.74609e-05


DD  step 29999 load imb.: force 14.7%  pme mesh/force 0.805
           Step           Time
          30000       60.00000

   Energies (kJ/mol)
          Angle    Proper Dih.  Improper Dih.          LJ-14     Coulomb-14
    1.98128e+03    2.35030e+03    1.14181e+02    8.73510e+02    1.07524e+04
        LJ (SR)  Disper. corr.   Coulomb (SR)   Coul. recip. Position Rest.
    9.08890e+04   -3.90205e+03   -5.88401e+05    2.61455e+03    2.72437e+02
      Potential    Kinetic En.   Total Energy  Conserved En.    Temperature
   -4.82456e+05    7.85108e+04   -4.03945e+05   -4.24167e+05    3.01019e+02
 Pres. DC (bar) Pressure (bar)   Constr. rmsd
   -2.02549e+02   -4.62994e+02    3.05073e-05


DD  step 30999 load imb.: force 10.2%  pme mesh/force 0.678
           Step           Time
          31000       62.00000

   Energies (kJ/mol)
          Angle    Proper Dih.  Improper Dih.          LJ-14     Coulomb-14
    1.88792e+03    2.29863e+03    8.21411e+01    9.09940e+02    1.09499e+04
        LJ (SR)  Disper. corr.   Coulomb (SR)   Coul. recip. Position Rest.
    9.07182e+04   -3.90205e+03   -5.89189e+05    2.71920e+03    2.76420e+02
      Potential    Kinetic En.   Total Energy  Conserved En.    Temperature
   -4.83248e+05    7.83526e+04   -4.04896e+05   -4.24181e+05    3.00413e+02
 Pres. DC (bar) Pressure (bar)   Constr. rmsd
   -2.02549e+02   -5.57134e+02    2.77957e-05


DD  step 31999 load imb.: force  9.7%  pme mesh/force 0.628
           Step           Time
          32000       64.00000

   Energies (kJ/mol)
          Angle    Proper Dih.  Improper Dih.          LJ-14     Coulomb-14
    1.93260e+03    2.37211e+03    1.06422e+02    8.83507e+02    1.08137e+04
        LJ (SR)  Disper. corr.   Coulomb (SR)   Coul. recip. Position Rest.
    9.03199e+04   -3.90205e+03   -5.87721e+05    2.66596e+03    2.68208e+02
      Potential    Kinetic En.   Total Energy  Conserved En.    Temperature
   -4.82261e+05    7.84414e+04   -4.03820e+05   -4.24217e+05    3.00753e+02
 Pres. DC (bar) Pressure (bar)   Constr. rmsd
   -2.02549e+02   -4.93611e+02    3.16143e-05


DD  step 32999 load imb.: force 13.5%  pme mesh/force 0.588
           Step           Time
          33000       66.00000

   Energies (kJ/mol)
          Angle    Proper Dih.  Improper Dih.          LJ-14     Coulomb-14
    1.75264e+03    2.32828e+03    1.02328e+02    9.00658e+02    1.09749e+04
        LJ (SR)  Disper. corr.   Coulomb (SR)   Coul. recip. Position Rest.
    9.05507e+04   -3.90205e+03   -5.87918e+05    2.74459e+03    2.67184e+02
      Potential    Kinetic En.   Total Energy  Conserved En.    Temperature
   -4.82199e+05    7.71294e+04   -4.05070e+05   -4.24220e+05    2.95723e+02
 Pres. DC (bar) Pressure (bar)   Constr. rmsd
   -2.02549e+02   -2.40550e+02    2.86532e-05


DD  step 33999 load imb.: force 10.0%  pme mesh/force 0.581
           Step           Time
          34000       68.00000

   Energies (kJ/mol)
          Angle    Proper Dih.  Improper Dih.          LJ-14     Coulomb-14
    1.87879e+03    2.33838e+03    1.17704e+02    9.25216e+02    1.09098e+04
        LJ (SR)  Disper. corr.   Coulomb (SR)   Coul. recip. Position Rest.
    8.95823e+04   -3.90205e+03   -5.88187e+05    2.68463e+03    2.89534e+02
      Potential    Kinetic En.   Total Energy  Conserved En.    Temperature
   -4.83363e+05    7.89112e+04   -4.04452e+05   -4.24251e+05    3.02555e+02
 Pres. DC (bar) Pressure (bar)   Constr. rmsd
   -2.02549e+02   -6.11382e+02    2.93409e-05


DD  step 34999 load imb.: force 15.1%  pme mesh/force 0.750
           Step           Time
          35000       70.00000

   Energies (kJ/mol)
          Angle    Proper Dih.  Improper Dih.          LJ-14     Coulomb-14
    1.77688e+03    2.34458e+03    1.19395e+02    9.23585e+02    1.09092e+04
        LJ (SR)  Disper. corr.   Coulomb (SR)   Coul. recip. Position Rest.
    9.01445e+04   -3.90205e+03   -5.87006e+05    2.73270e+03    2.67849e+02
      Potential    Kinetic En.   Total Energy  Conserved En.    Temperature
   -4.81689e+05    7.69669e+04   -4.04722e+05   -4.24244e+05    2.95100e+02
 Pres. DC (bar) Pressure (bar)   Constr. rmsd
   -2.02549e+02   -3.95431e+02    2.68569e-05


DD  step 35999 load imb.: force  8.5%  pme mesh/force 0.741
           Step           Time
          36000       72.00000

   Energies (kJ/mol)
          Angle    Proper Dih.  Improper Dih.          LJ-14     Coulomb-14
    1.80372e+03    2.26699e+03    9.27505e+01    8.89665e+02    1.08646e+04
        LJ (SR)  Disper. corr.   Coulomb (SR)   Coul. recip. Position Rest.
    9.06262e+04   -3.90205e+03   -5.89179e+05    2.61266e+03    2.72741e+02
      Potential    Kinetic En.   Total Energy  Conserved En.    Temperature
   -4.83651e+05    7.75109e+04   -4.06140e+05   -4.24282e+05    2.97186e+02
 Pres. DC (bar) Pressure (bar)   Constr. rmsd
   -2.02549e+02   -6.22160e+02    3.03745e-05


DD  step 36999 load imb.: force  8.0%  pme mesh/force 0.693
           Step           Time
          37000       74.00000

   Energies (kJ/mol)
          Angle    Proper Dih.  Improper Dih.          LJ-14     Coulomb-14
    1.94145e+03    2.33766e+03    8.72431e+01    8.87667e+02    1.08463e+04
        LJ (SR)  Disper. corr.   Coulomb (SR)   Coul. recip. Position Rest.
    9.17721e+04   -3.90205e+03   -5.89698e+05    2.74153e+03    2.30924e+02
      Potential    Kinetic En.   Total Energy  Conserved En.    Temperature
   -4.82755e+05    7.80154e+04   -4.04740e+05   -4.24286e+05    2.99120e+02
 Pres. DC (bar) Pressure (bar)   Constr. rmsd
   -2.02549e+02   -3.00452e+02    3.02680e-05


DD  step 37999 load imb.: force 11.2%  pme mesh/force 0.590
           Step           Time
          38000       76.00000

   Energies (kJ/mol)
          Angle    Proper Dih.  Improper Dih.          LJ-14     Coulomb-14
    1.81923e+03    2.31458e+03    1.13589e+02    8.88059e+02    1.08528e+04
        LJ (SR)  Disper. corr.   Coulomb (SR)   Coul. recip. Position Rest.
    8.99754e+04   -3.90205e+03   -5.88109e+05    2.66829e+03    2.76487e+02
      Potential    Kinetic En.   Total Energy  Conserved En.    Temperature
   -4.83103e+05    7.74802e+04   -4.05623e+05   -4.24314e+05    2.97068e+02
 Pres. DC (bar) Pressure (bar)   Constr. rmsd
   -2.02549e+02   -5.16340e+02    2.64940e-05


DD  step 38999 load imb.: force  9.8%  pme mesh/force 1.354
           Step           Time
          39000       78.00000

   Energies (kJ/mol)
          Angle    Proper Dih.  Improper Dih.          LJ-14     Coulomb-14
    1.92467e+03    2.28282e+03    1.06785e+02    9.12922e+02    1.09243e+04
        LJ (SR)  Disper. corr.   Coulomb (SR)   Coul. recip. Position Rest.
    9.03663e+04   -3.90205e+03   -5.86811e+05    2.74268e+03    2.36396e+02
      Potential    Kinetic En.   Total Energy  Conserved En.    Temperature
   -4.81216e+05    7.90108e+04   -4.02205e+05   -4.24326e+05    3.02937e+02
 Pres. DC (bar) Pressure (bar)   Constr. rmsd
   -2.02549e+02   -4.36924e+02    2.99554e-05


DD  step 39999 load imb.: force  6.8%  pme mesh/force 0.588
           Step           Time
          40000       80.00000

   Energies (kJ/mol)
          Angle    Proper Dih.  Improper Dih.          LJ-14     Coulomb-14
    1.72056e+03    2.27564e+03    9.05406e+01    9.31875e+02    1.09482e+04
        LJ (SR)  Disper. corr.   Coulomb (SR)   Coul. recip. Position Rest.
    8.87880e+04   -3.90205e+03   -5.85842e+05    2.73695e+03    2.95423e+02
      Potential    Kinetic En.   Total Energy  Conserved En.    Temperature
   -4.81957e+05    7.83195e+04   -4.03638e+05   -4.24360e+05    3.00286e+02
 Pres. DC (bar) Pressure (bar)   Constr. rmsd
   -2.02549e+02   -8.15276e+02    2.83351e-05


DD  step 40999 load imb.: force  9.1%  pme mesh/force 0.588
           Step           Time
          41000       82.00000

   Energies (kJ/mol)
          Angle    Proper Dih.  Improper Dih.          LJ-14     Coulomb-14
    1.91590e+03    2.28239e+03    9.47676e+01    9.07332e+02    1.08907e+04
        LJ (SR)  Disper. corr.   Coulomb (SR)   Coul. recip. Position Rest.
    8.98081e+04   -3.90205e+03   -5.88392e+05    2.65544e+03    2.69015e+02
      Potential    Kinetic En.   Total Energy  Conserved En.    Temperature
   -4.83471e+05    7.76890e+04   -4.05782e+05   -4.24356e+05    2.97869e+02
 Pres. DC (bar) Pressure (bar)   Constr. rmsd
   -2.02549e+02   -6.85680e+02    2.72201e-05


DD  step 41999 load imb.: force 12.5%  pme mesh/force 0.572
           Step           Time
          42000       84.00000

   Energies (kJ/mol)
          Angle    Proper Dih.  Improper Dih.          LJ-14     Coulomb-14
    1.89402e+03    2.33232e+03    1.01782e+02    8.55759e+02    1.08499e+04
        LJ (SR)  Disper. corr.   Coulomb (SR)   Coul. recip. Position Rest.
    9.06341e+04   -3.90205e+03   -5.88368e+05    2.71189e+03    2.46372e+02
      Potential    Kinetic En.   Total Energy  Conserved En.    Temperature
   -4.82644e+05    7.84925e+04   -4.04151e+05   -4.24395e+05    3.00949e+02
 Pres. DC (bar) Pressure (bar)   Constr. rmsd
   -2.02549e+02   -4.15155e+02    3.10873e-05


DD  step 42999 load imb.: force 12.6%  pme mesh/force 0.578
           Step           Time
          43000       86.00000

   Energies (kJ/mol)
          Angle    Proper Dih.  Improper Dih.          LJ-14     Coulomb-14
    1.91393e+03    2.31338e+03    1.02563e+02    8.93888e+02    1.08494e+04
        LJ (SR)  Disper. corr.   Coulomb (SR)   Coul. recip. Position Rest.
    9.01457e+04   -3.90205e+03   -5.87270e+05    2.78200e+03    2.08913e+02
      Potential    Kinetic En.   Total Energy  Conserved En.    Temperature
   -4.81963e+05    7.88226e+04   -4.03140e+05   -4.24407e+05    3.02215e+02
 Pres. DC (bar) Pressure (bar)   Constr. rmsd
   -2.02549e+02   -5.83637e+02    3.00295e-05


DD  step 43999 load imb.: force 12.7%  pme mesh/force 0.679
           Step           Time
          44000       88.00000

   Energies (kJ/mol)
          Angle    Proper Dih.  Improper Dih.          LJ-14     Coulomb-14
    1.88343e+03    2.29145e+03    1.18768e+02    8.97474e+02    1.08872e+04
        LJ (SR)  Disper. corr.   Coulomb (SR)   Coul. recip. Position Rest.
    9.13282e+04   -3.90205e+03   -5.89835e+05    2.67015e+03    2.78221e+02
      Potential    Kinetic En.   Total Energy  Conserved En.    Temperature
   -4.83382e+05    7.85506e+04   -4.04831e+05   -4.24421e+05    3.01172e+02
 Pres. DC (bar) Pressure (bar)   Constr. rmsd
   -2.02549e+02   -2.84210e+02    3.60014e-05


DD  step 44999 load imb.: force 10.5%  pme mesh/force 0.699
           Step           Time
          45000       90.00000

   Energies (kJ/mol)
          Angle    Proper Dih.  Improper Dih.          LJ-14     Coulomb-14
    1.82983e+03    2.33782e+03    1.14926e+02    9.10231e+02    1.08924e+04
        LJ (SR)  Disper. corr.   Coulomb (SR)   Coul. recip. Position Rest.
    8.97621e+04   -3.90205e+03   -5.87800e+05    2.65306e+03    2.51382e+02
      Potential    Kinetic En.   Total Energy  Conserved En.    Temperature
   -4.82950e+05    7.82162e+04   -4.04734e+05   -4.24442e+05    2.99890e+02
 Pres. DC (bar) Pressure (bar)   Constr. rmsd
   -2.02549e+02   -5.85564e+02    2.77666e-05


DD  step 45999 load imb.: force 12.2%  pme mesh/force 0.679
           Step           Time
          46000       92.00000

   Energies (kJ/mol)
          Angle    Proper Dih.  Improper Dih.          LJ-14     Coulomb-14
    1.83080e+03    2.32603e+03    8.41342e+01    8.82739e+02    1.09013e+04
        LJ (SR)  Disper. corr.   Coulomb (SR)   Coul. recip. Position Rest.
    9.03234e+04   -3.90205e+03   -5.87827e+05    2.68358e+03    2.77408e+02
      Potential    Kinetic En.   Total Energy  Conserved En.    Temperature
   -4.82419e+05    7.72193e+04   -4.05200e+05   -4.24452e+05    2.96068e+02
 Pres. DC (bar) Pressure (bar)   Constr. rmsd
   -2.02549e+02   -5.33764e+02    2.56946e-05


DD  step 46999 load imb.: force 16.5%  pme mesh/force 0.624
           Step           Time
          47000       94.00000

   Energies (kJ/mol)
          Angle    Proper Dih.  Improper Dih.          LJ-14     Coulomb-14
    1.90186e+03    2.30831e+03    1.05227e+02    9.08981e+02    1.08671e+04
        LJ (SR)  Disper. corr.   Coulomb (SR)   Coul. recip. Position Rest.
    8.92856e+04   -3.90205e+03   -5.86879e+05    2.79149e+03    2.64813e+02
      Potential    Kinetic En.   Total Energy  Conserved En.    Temperature
   -4.82348e+05    7.77906e+04   -4.04557e+05   -4.24483e+05    2.98258e+02
 Pres. DC (bar) Pressure (bar)   Constr. rmsd
   -2.02549e+02   -7.08161e+02    2.89557e-05


DD  step 47999 load imb.: force  9.7%  pme mesh/force 0.623
           Step           Time
          48000       96.00000

   Energies (kJ/mol)
          Angle    Proper Dih.  Improper Dih.          LJ-14     Coulomb-14
    1.84079e+03    2.32344e+03    1.11578e+02    8.78730e+02    1.09351e+04
        LJ (SR)  Disper. corr.   Coulomb (SR)   Coul. recip. Position Rest.
    9.06102e+04   -3.90205e+03   -5.88038e+05    2.63626e+03    2.58499e+02
      Potential    Kinetic En.   Total Energy  Conserved En.    Temperature
   -4.82346e+05    7.82614e+04   -4.04085e+05   -4.24486e+05    3.00063e+02
 Pres. DC (bar) Pressure (bar)   Constr. rmsd
   -2.02549e+02   -2.20088e+02    3.00717e-05


DD  step 48999 load imb.: force 19.0%  pme mesh/force 0.963
           Step           Time
          49000       98.00000

   Energies (kJ/mol)
          Angle    Proper Dih.  Improper Dih.          LJ-14     Coulomb-14
    2.00129e+03    2.33680e+03    7.69462e+01    8.94475e+02    1.07211e+04
        LJ (SR)  Disper. corr.   Coulomb (SR)   Coul. recip. Position Rest.
    9.08424e+04   -3.90205e+03   -5.89014e+05    2.68281e+03    2.52691e+02
      Potential    Kinetic En.   Total Energy  Conserved En.    Temperature
   -4.83108e+05    7.90719e+04   -4.04036e+05   -4.24513e+05    3.03171e+02
 Pres. DC (bar) Pressure (bar)   Constr. rmsd
   -2.02549e+02   -3.70582e+02    2.63422e-05


DD  step 49999 load imb.: force 11.8%  pme mesh/force 0.691
           Step           Time
          50000      100.00000

Writing checkpoint, step 50000 at Mon Oct 21 13:10:28 2024


   Energies (kJ/mol)
          Angle    Proper Dih.  Improper Dih.          LJ-14     Coulomb-14
    1.86204e+03    2.26792e+03    1.15326e+02    8.75406e+02    1.07903e+04
        LJ (SR)  Disper. corr.   Coulomb (SR)   Coul. recip. Position Rest.
    9.09128e+04   -3.90205e+03   -5.88849e+05    2.60830e+03    2.76865e+02
      Potential    Kinetic En.   Total Energy  Conserved En.    Temperature
   -4.83042e+05    7.81005e+04   -4.04942e+05   -4.24525e+05    2.99446e+02
 Pres. DC (bar) Pressure (bar)   Constr. rmsd
   -2.02549e+02   -4.18219e+02    3.16932e-05


Energy conservation over simulation part #1 of length 100 ns, time 0 to 100 ns
  Conserved energy drift: -7.30e-05 kJ/mol/ps per atom


	<======  ###############  ==>
	<====  A V E R A G E S  ====>
	<==  ###############  ======>

	Statistics over 50001 steps using 501 frames

   Energies (kJ/mol)
          Angle    Proper Dih.  Improper Dih.          LJ-14     Coulomb-14
    1.85623e+03    2.32532e+03    1.07106e+02    8.93641e+02    1.08707e+04
        LJ (SR)  Disper. corr.   Coulomb (SR)   Coul. recip. Position Rest.
    9.02891e+04   -3.90205e+03   -5.87961e+05    2.71172e+03    2.73375e+02
      Potential    Kinetic En.   Total Energy  Conserved En.    Temperature
   -4.82536e+05    7.82661e+04   -4.04270e+05   -4.24093e+05    3.00081e+02
 Pres. DC (bar) Pressure (bar)   Constr. rmsd
   -2.02549e+02   -5.17277e+02    0.00000e+00

   Total Virial (kJ/mol)
    3.09411e+04   -7.07326e+00    9.63813e+01
   -7.31636e+00    3.13350e+04   -6.38079e+01
    9.63440e+01   -6.34162e+01    3.09560e+04

   Pressure (bar)
   -5.02744e+02   -3.90822e-01   -8.98446e+00
   -3.65615e-01   -5.43334e+02    7.70341e+00
   -8.98058e+00    7.66279e+00   -5.05752e+02

      T-ProteinT-Water_and_ions
    3.00033e+02    3.00083e+02


	M E G A - F L O P S   A C C O U N T I N G

 NB=Group-cutoff nonbonded kernels    NxN=N-by-N cluster Verlet kernels
 RF=Reaction-Field  VdW=Van der Waals  QSTab=quadratic-spline table
 W3=SPC/TIP3p  W4=TIP4p (single or pairs)
 V&F=Potential and force  V=Potential only  F=Force only

 Computing:                               M-Number         M-Flops  % Flops
-----------------------------------------------------------------------------
 Pair Search distance check           14467.719372      130209.474     0.4
 NxN QSTab Elec. + LJ [F]            385546.676960    15807413.755    51.2
 NxN QSTab Elec. + LJ [V&F]            3902.394696      230241.287     0.7
 NxN QSTab Elec. [F]                 356851.595792    12132954.257    39.3
 NxN QSTab Elec. [V&F]                 3611.806744      148084.077     0.5
 1,4 nonbonded interactions             114.002280       10260.205     0.0
 Calc Weights                          4706.044119      169417.588     0.5
 Spread Q Bspline                    100395.607872      200791.216     0.7
 Gather F Bspline                    100395.607872      602373.647     2.0
 3D-FFT                              139519.590336     1116156.723     3.6
 Solve PME                               96.801936        6195.324     0.0
 Reset In Box                            39.184877         117.555     0.0
 CG-CoM                                  39.278996         117.837     0.0
 Angles                                  79.451589       13347.867     0.0
 Propers                                124.052481       28408.018     0.1
 Impropers                                8.300166        1726.435     0.0
 Pos. Restr.                             21.950439        1097.522     0.0
 Virial                                  16.078593         289.415     0.0
 Stop-CM                                 15.749246         157.492     0.0
 Calc-Ekin                              313.792746        8472.404     0.0
 Lincs                                   82.551479        4953.089     0.0
 Lincs-Mat                             1769.379084        7077.516     0.0
 Constraint-V                          1850.870921       16657.838     0.1
 Constraint-Vir                          17.717990         425.232     0.0
 Settle                                 561.935011      207915.954     0.7
-----------------------------------------------------------------------------
 Total                                                30844861.727   100.0
-----------------------------------------------------------------------------


    D O M A I N   D E C O M P O S I T I O N   S T A T I S T I C S

 av. #atoms communicated per step for force:  2 x 50512.3
 av. #atoms communicated per step for LINCS:  2 x 4062.1


Dynamic load balancing report:
 DLB got disabled because it was unsuitable to use.
 Average load imbalance: 11.7%.
 The balanceable part of the MD step is 55%, load imbalance is computed from this.
 Part of the total run time spent waiting due to load imbalance: 6.5%.
 Average PME mesh/force load: 0.671
 Part of the total run time spent waiting due to PP/PME imbalance: 4.5 %

NOTE: 6.5 % of the available CPU time was lost due to load imbalance
      in the domain decomposition.
      You can consider manually changing the decomposition (option -dd);
      e.g. by using fewer domains along the box dimension in which there is
      considerable inhomogeneity in the simulated system.

     R E A L   C Y C L E   A N D   T I M E   A C C O U N T I N G

On 16 MPI ranks doing PP, and
on 4 MPI ranks doing PME

 Computing:          Num   Num      Call    Wall time         Giga-Cycles
                     Ranks Threads  Count      (s)         total sum    %
-----------------------------------------------------------------------------
 Domain decomp.        16    1       1251       7.574        339.674   1.2
 DD comm. load         16    1        330       0.063          2.817   0.0
 DD comm. bounds       16    1         98       0.075          3.384   0.0
 Send X to PME         16    1      50001       9.124        409.176   1.4
 Neighbor search       16    1       1251       7.945        356.298   1.2
 Comm. coord.          16    1      48750      39.700       1780.471   6.2
 Force                 16    1      50001     222.468       9977.257  34.9
 Wait + Comm. F        16    1      50001      96.175       4313.279  15.1
 PME mesh *             4    1      50001     212.572       2383.360   8.3
 PME wait for PP *                            297.702       3337.844  11.7
 Wait + Recv. PME F    16    1      50001       7.337        329.055   1.2
 NB X/F buffer ops.    16    1     147501       2.360        105.843   0.4
 Write traj.           16    1         51       1.490         66.815   0.2
 Update                16    1      50001       0.906         40.615   0.1
 Constraints           16    1      50003     108.201       4852.620  17.0
 Comm. energies        16    1       5001       6.094        273.319   1.0
 Rest                                           0.775         34.771   0.1
-----------------------------------------------------------------------------
 Total                                        510.286      28606.744 100.0
-----------------------------------------------------------------------------
(*) Note that with separate PME ranks, the walltime column actually sums to
    twice the total reported, but the cycle count total and % are correct.
-----------------------------------------------------------------------------
 Breakdown of PME mesh computation
-----------------------------------------------------------------------------
 PME redist. X/F        4    1     100002      68.676        770.001   2.7
 PME spread             4    1      50001      43.603        488.879   1.7
 PME gather             4    1      50001      51.230        574.393   2.0
 PME 3D-FFT             4    1     100002      28.930        324.364   1.1
 PME 3D-FFT Comm.       4    1     100002      15.946        178.791   0.6
 PME solve Elec         4    1      50001       3.981         44.637   0.2
-----------------------------------------------------------------------------

               Core t (s)   Wall t (s)        (%)
       Time:    10205.000      510.286     1999.9
                 (ns/day)    (hour/ns)
Performance:       16.932        1.417
Finished mdrun on rank 0 Mon Oct 21 13:10:30 2024

